This is pdfTeX, Version 3.141592653-2.6-1.40.27 (TeX Live 2025) (preloaded format=pdflatex 2026.2.24)  24 FEB 2026 21:52
entering extended mode
 restricted \write18 enabled.
 file:line:error style messages enabled.
 %&-line parsing enabled.
**"/Users/nicnash/Documents/Repositories/Tesis_fundamentos_del_aprendizaje_automatico/1. LaTeX/main.tex"
(/Users/nicnash/Documents/Repositories/Tesis_fundamentos_del_aprendizaje_automatico/1. LaTeX/main.tex
LaTeX2e <2024-11-01> patch level 2
L3 programming layer <2025-01-18>
(/usr/local/texlive/2025/texmf-dist/tex/latex/base/book.cls
Document Class: book 2024/06/29 v1.4n Standard LaTeX document class
(/usr/local/texlive/2025/texmf-dist/tex/latex/base/bk10.clo
File: bk10.clo 2024/06/29 v1.4n Standard LaTeX file (size option)
)
\c@part=\count196
\c@chapter=\count197
\c@section=\count198
\c@subsection=\count199
\c@subsubsection=\count266
\c@paragraph=\count267
\c@subparagraph=\count268
\c@figure=\count269
\c@table=\count270
\abovecaptionskip=\skip49
\belowcaptionskip=\skip50
\bibindent=\dimen141
) (/usr/local/texlive/2025/texmf-dist/tex/latex/graphics/graphicx.sty
Package: graphicx 2021/09/16 v1.2d Enhanced LaTeX Graphics (DPC,SPQR)
 (/usr/local/texlive/2025/texmf-dist/tex/latex/graphics/keyval.sty
Package: keyval 2022/05/29 v1.15 key=value parser (DPC)
\KV@toks@=\toks17
) (/usr/local/texlive/2025/texmf-dist/tex/latex/graphics/graphics.sty
Package: graphics 2024/08/06 v1.4g Standard LaTeX Graphics (DPC,SPQR)
 (/usr/local/texlive/2025/texmf-dist/tex/latex/graphics/trig.sty
Package: trig 2023/12/02 v1.11 sin cos tan (DPC)
) (/usr/local/texlive/2025/texmf-dist/tex/latex/graphics-cfg/graphics.cfg
File: graphics.cfg 2016/06/04 v1.11 sample graphics configuration
)
Package graphics Info: Driver file: pdftex.def on input line 106.
 (/usr/local/texlive/2025/texmf-dist/tex/latex/graphics-def/pdftex.def
File: pdftex.def 2024/04/13 v1.2c Graphics/color driver for pdftex
))
\Gin@req@height=\dimen142
\Gin@req@width=\dimen143
) (/usr/local/texlive/2025/texmf-dist/tex/generic/babel/babel.sty
Package: babel 2025/02/14 v25.4 The multilingual framework for pdfLaTeX, LuaLaTeX and XeLaTeX
\babel@savecnt=\count271
\U@D=\dimen144
\l@unhyphenated=\language90
 (/usr/local/texlive/2025/texmf-dist/tex/generic/babel/txtbabel.def)
\bbl@readstream=\read2
\bbl@dirlevel=\count272
 (/usr/local/texlive/2025/texmf-dist/tex/generic/babel-spanish/spanish.ldf
Language: spanish.ldf 2021/05/27 v5.0q Spanish support from the babel system
\es@quottoks=\toks18
\es@quotdepth=\count273
Package babel Info: Making " an active character on input line 570.
Package babel Info: Making . an active character on input line 675.
Package babel Info: Making < an active character on input line 722.
Package babel Info: Making > an active character on input line 722.
)) (/usr/local/texlive/2025/texmf-dist/tex/generic/babel/locale/es/babel-spanish.tex
Package babel Info: Importing font and identification data for spanish
(babel)             from babel-es.ini. Reported on input line 11.
) (/usr/local/texlive/2025/texmf-dist/tex/latex/base/inputenc.sty
Package: inputenc 2024/02/08 v1.3d Input encoding file
\inpenc@prehook=\toks19
\inpenc@posthook=\toks20
) (/usr/local/texlive/2025/texmf-dist/tex/latex/amscls/amsthm.sty
Package: amsthm 2020/05/29 v2.20.6
\thm@style=\toks21
\thm@bodyfont=\toks22
\thm@headfont=\toks23
\thm@notefont=\toks24
\thm@headpunct=\toks25
\thm@preskip=\skip51
\thm@postskip=\skip52
\thm@headsep=\skip53
\dth@everypar=\toks26
) (/usr/local/texlive/2025/texmf-dist/tex/latex/amsmath/amsmath.sty
Package: amsmath 2024/11/05 v2.17t AMS math features
\@mathmargin=\skip54

For additional information on amsmath, use the `?' option.
(/usr/local/texlive/2025/texmf-dist/tex/latex/amsmath/amstext.sty
Package: amstext 2021/08/26 v2.01 AMS text
 (/usr/local/texlive/2025/texmf-dist/tex/latex/amsmath/amsgen.sty
File: amsgen.sty 1999/11/30 v2.0 generic functions
\@emptytoks=\toks27
\ex@=\dimen145
)) (/usr/local/texlive/2025/texmf-dist/tex/latex/amsmath/amsbsy.sty
Package: amsbsy 1999/11/29 v1.2d Bold Symbols
\pmbraise@=\dimen146
) (/usr/local/texlive/2025/texmf-dist/tex/latex/amsmath/amsopn.sty
Package: amsopn 2022/04/08 v2.04 operator names
)
\inf@bad=\count274
LaTeX Info: Redefining \frac on input line 233.
\uproot@=\count275
\leftroot@=\count276
LaTeX Info: Redefining \overline on input line 398.
LaTeX Info: Redefining \colon on input line 409.
\classnum@=\count277
\DOTSCASE@=\count278
LaTeX Info: Redefining \ldots on input line 495.
LaTeX Info: Redefining \dots on input line 498.
LaTeX Info: Redefining \cdots on input line 619.
\Mathstrutbox@=\box52
\strutbox@=\box53
LaTeX Info: Redefining \big on input line 721.
LaTeX Info: Redefining \Big on input line 722.
LaTeX Info: Redefining \bigg on input line 723.
LaTeX Info: Redefining \Bigg on input line 724.
\big@size=\dimen147
LaTeX Font Info:    Redeclaring font encoding OML on input line 742.
LaTeX Font Info:    Redeclaring font encoding OMS on input line 743.
\macc@depth=\count279
LaTeX Info: Redefining \bmod on input line 904.
LaTeX Info: Redefining \pmod on input line 909.
LaTeX Info: Redefining \smash on input line 939.
LaTeX Info: Redefining \relbar on input line 969.
LaTeX Info: Redefining \Relbar on input line 970.
\c@MaxMatrixCols=\count280
\dotsspace@=\muskip17
\c@parentequation=\count281
\dspbrk@lvl=\count282
\tag@help=\toks28
\row@=\count283
\column@=\count284
\maxfields@=\count285
\andhelp@=\toks29
\eqnshift@=\dimen148
\alignsep@=\dimen149
\tagshift@=\dimen150
\tagwidth@=\dimen151
\totwidth@=\dimen152
\lineht@=\dimen153
\@envbody=\toks30
\multlinegap=\skip55
\multlinetaggap=\skip56
\mathdisplay@stack=\toks31
LaTeX Info: Redefining \[ on input line 2953.
LaTeX Info: Redefining \] on input line 2954.
) (/usr/local/texlive/2025/texmf-dist/tex/latex/amsfonts/amsfonts.sty
Package: amsfonts 2013/01/14 v3.01 Basic AMSFonts support
\symAMSa=\mathgroup4
\symAMSb=\mathgroup5
LaTeX Font Info:    Redeclaring math symbol \hbar on input line 98.
LaTeX Font Info:    Overwriting math alphabet `\mathfrak' in version `bold'
(Font)                  U/euf/m/n --> U/euf/b/n on input line 106.
) (/usr/local/texlive/2025/texmf-dist/tex/latex/hyperref/hyperref.sty
Package: hyperref 2024-11-05 v7.01l Hypertext links for LaTeX
 (/usr/local/texlive/2025/texmf-dist/tex/generic/iftex/iftex.sty
Package: iftex 2024/12/12 v1.0g TeX engine tests
) (/usr/local/texlive/2025/texmf-dist/tex/latex/kvsetkeys/kvsetkeys.sty
Package: kvsetkeys 2022-10-05 v1.19 Key value parser (HO)
) (/usr/local/texlive/2025/texmf-dist/tex/generic/kvdefinekeys/kvdefinekeys.sty
Package: kvdefinekeys 2019-12-19 v1.6 Define keys (HO)
) (/usr/local/texlive/2025/texmf-dist/tex/generic/pdfescape/pdfescape.sty
Package: pdfescape 2019/12/09 v1.15 Implements pdfTeX's escape features (HO)
 (/usr/local/texlive/2025/texmf-dist/tex/generic/ltxcmds/ltxcmds.sty
Package: ltxcmds 2023-12-04 v1.26 LaTeX kernel commands for general use (HO)
) (/usr/local/texlive/2025/texmf-dist/tex/generic/pdftexcmds/pdftexcmds.sty
Package: pdftexcmds 2020-06-27 v0.33 Utility functions of pdfTeX for LuaTeX (HO)
 (/usr/local/texlive/2025/texmf-dist/tex/generic/infwarerr/infwarerr.sty
Package: infwarerr 2019/12/03 v1.5 Providing info/warning/error messages (HO)
)
Package pdftexcmds Info: \pdf@primitive is available.
Package pdftexcmds Info: \pdf@ifprimitive is available.
Package pdftexcmds Info: \pdfdraftmode found.
)) (/usr/local/texlive/2025/texmf-dist/tex/latex/hycolor/hycolor.sty
Package: hycolor 2020-01-27 v1.10 Color options for hyperref/bookmark (HO)
) (/usr/local/texlive/2025/texmf-dist/tex/latex/hyperref/nameref.sty
Package: nameref 2023-11-26 v2.56 Cross-referencing by name of section
 (/usr/local/texlive/2025/texmf-dist/tex/latex/refcount/refcount.sty
Package: refcount 2019/12/15 v3.6 Data extraction from label references (HO)
) (/usr/local/texlive/2025/texmf-dist/tex/generic/gettitlestring/gettitlestring.sty
Package: gettitlestring 2019/12/15 v1.6 Cleanup title references (HO)
 (/usr/local/texlive/2025/texmf-dist/tex/latex/kvoptions/kvoptions.sty
Package: kvoptions 2022-06-15 v3.15 Key value format for package options (HO)
))
\c@section@level=\count286
) (/usr/local/texlive/2025/texmf-dist/tex/latex/etoolbox/etoolbox.sty
Package: etoolbox 2025/02/11 v2.5l e-TeX tools for LaTeX (JAW)
\etb@tempcnta=\count287
) (/usr/local/texlive/2025/texmf-dist/tex/generic/stringenc/stringenc.sty
Package: stringenc 2019/11/29 v1.12 Convert strings between diff. encodings (HO)
)
\@linkdim=\dimen154
\Hy@linkcounter=\count288
\Hy@pagecounter=\count289
 (/usr/local/texlive/2025/texmf-dist/tex/latex/hyperref/pd1enc.def
File: pd1enc.def 2024-11-05 v7.01l Hyperref: PDFDocEncoding definition (HO)
Now handling font encoding PD1 ...
... no UTF-8 mapping file for font encoding PD1
) (/usr/local/texlive/2025/texmf-dist/tex/generic/intcalc/intcalc.sty
Package: intcalc 2019/12/15 v1.3 Expandable calculations with integers (HO)
)
\Hy@SavedSpaceFactor=\count290
 (/usr/local/texlive/2025/texmf-dist/tex/latex/hyperref/puenc.def
File: puenc.def 2024-11-05 v7.01l Hyperref: PDF Unicode definition (HO)
Now handling font encoding PU ...
... no UTF-8 mapping file for font encoding PU
)
Package hyperref Info: Hyper figures OFF on input line 4157.
Package hyperref Info: Link nesting OFF on input line 4162.
Package hyperref Info: Hyper index ON on input line 4165.
Package hyperref Info: Plain pages OFF on input line 4172.
Package hyperref Info: Backreferencing OFF on input line 4177.
Package hyperref Info: Implicit mode ON; LaTeX internals redefined.
Package hyperref Info: Bookmarks ON on input line 4424.
\c@Hy@tempcnt=\count291
 (/usr/local/texlive/2025/texmf-dist/tex/latex/url/url.sty
\Urlmuskip=\muskip18
Package: url 2013/09/16  ver 3.4  Verb mode for urls, etc.
)
LaTeX Info: Redefining \url on input line 4763.
\XeTeXLinkMargin=\dimen155
 (/usr/local/texlive/2025/texmf-dist/tex/generic/bitset/bitset.sty
Package: bitset 2019/12/09 v1.3 Handle bit-vector datatype (HO)
 (/usr/local/texlive/2025/texmf-dist/tex/generic/bigintcalc/bigintcalc.sty
Package: bigintcalc 2019/12/15 v1.5 Expandable calculations on big integers (HO)
))
\Fld@menulength=\count292
\Field@Width=\dimen156
\Fld@charsize=\dimen157
Package hyperref Info: Hyper figures OFF on input line 6042.
Package hyperref Info: Link nesting OFF on input line 6047.
Package hyperref Info: Hyper index ON on input line 6050.
Package hyperref Info: backreferencing OFF on input line 6057.
Package hyperref Info: Link coloring OFF on input line 6062.
Package hyperref Info: Link coloring with OCG OFF on input line 6067.
Package hyperref Info: PDF/A mode OFF on input line 6072.
 (/usr/local/texlive/2025/texmf-dist/tex/latex/base/atbegshi-ltx.sty
Package: atbegshi-ltx 2021/01/10 v1.0c Emulation of the original atbegshi
package with kernel methods
)
\Hy@abspage=\count293
\c@Item=\count294
\c@Hfootnote=\count295
)
Package hyperref Info: Driver (autodetected): hpdftex.
 (/usr/local/texlive/2025/texmf-dist/tex/latex/hyperref/hpdftex.def
File: hpdftex.def 2024-11-05 v7.01l Hyperref driver for pdfTeX
 (/usr/local/texlive/2025/texmf-dist/tex/latex/base/atveryend-ltx.sty
Package: atveryend-ltx 2020/08/19 v1.0a Emulation of the original atveryend package
with kernel methods
)
\Fld@listcount=\count296
\c@bookmark@seq@number=\count297
 (/usr/local/texlive/2025/texmf-dist/tex/latex/rerunfilecheck/rerunfilecheck.sty
Package: rerunfilecheck 2022-07-10 v1.10 Rerun checks for auxiliary files (HO)
 (/usr/local/texlive/2025/texmf-dist/tex/generic/uniquecounter/uniquecounter.sty
Package: uniquecounter 2019/12/15 v1.4 Provide unlimited unique counter (HO)
)
Package uniquecounter Info: New unique counter `rerunfilecheck' on input line 285.
)
\Hy@SectionHShift=\skip57
) (/usr/local/texlive/2025/texmf-dist/tex/latex/jknapltx/mathrsfs.sty
Package: mathrsfs 1996/01/01 Math RSFS package v1.0 (jk)
\symrsfs=\mathgroup6
) (/usr/local/texlive/2025/texmf-dist/tex/latex/pgf/frontendlayer/tikz.sty (/usr/local/texlive/2025/texmf-dist/tex/latex/pgf/basiclayer/pgf.sty (/usr/local/texlive/2025/texmf-dist/tex/latex/pgf/utilities/pgfrcs.sty (/usr/local/texlive/2025/texmf-dist/tex/generic/pgf/utilities/pgfutil-common.tex
\pgfutil@everybye=\toks32
\pgfutil@tempdima=\dimen158
\pgfutil@tempdimb=\dimen159
) (/usr/local/texlive/2025/texmf-dist/tex/generic/pgf/utilities/pgfutil-latex.def
\pgfutil@abb=\box54
) (/usr/local/texlive/2025/texmf-dist/tex/generic/pgf/utilities/pgfrcs.code.tex (/usr/local/texlive/2025/texmf-dist/tex/generic/pgf/pgf.revision.tex)
Package: pgfrcs 2023-01-15 v3.1.10 (3.1.10)
))
Package: pgf 2023-01-15 v3.1.10 (3.1.10)
 (/usr/local/texlive/2025/texmf-dist/tex/latex/pgf/basiclayer/pgfcore.sty (/usr/local/texlive/2025/texmf-dist/tex/latex/pgf/systemlayer/pgfsys.sty (/usr/local/texlive/2025/texmf-dist/tex/generic/pgf/systemlayer/pgfsys.code.tex
Package: pgfsys 2023-01-15 v3.1.10 (3.1.10)
 (/usr/local/texlive/2025/texmf-dist/tex/generic/pgf/utilities/pgfkeys.code.tex
\pgfkeys@pathtoks=\toks33
\pgfkeys@temptoks=\toks34
 (/usr/local/texlive/2025/texmf-dist/tex/generic/pgf/utilities/pgfkeyslibraryfiltered.code.tex
\pgfkeys@tmptoks=\toks35
))
\pgf@x=\dimen160
\pgf@y=\dimen161
\pgf@xa=\dimen162
\pgf@ya=\dimen163
\pgf@xb=\dimen164
\pgf@yb=\dimen165
\pgf@xc=\dimen166
\pgf@yc=\dimen167
\pgf@xd=\dimen168
\pgf@yd=\dimen169
\w@pgf@writea=\write3
\r@pgf@reada=\read3
\c@pgf@counta=\count298
\c@pgf@countb=\count299
\c@pgf@countc=\count300
\c@pgf@countd=\count301
\t@pgf@toka=\toks36
\t@pgf@tokb=\toks37
\t@pgf@tokc=\toks38
\pgf@sys@id@count=\count302
 (/usr/local/texlive/2025/texmf-dist/tex/generic/pgf/systemlayer/pgf.cfg
File: pgf.cfg 2023-01-15 v3.1.10 (3.1.10)
)
Driver file for pgf: pgfsys-pdftex.def
 (/usr/local/texlive/2025/texmf-dist/tex/generic/pgf/systemlayer/pgfsys-pdftex.def
File: pgfsys-pdftex.def 2023-01-15 v3.1.10 (3.1.10)
 (/usr/local/texlive/2025/texmf-dist/tex/generic/pgf/systemlayer/pgfsys-common-pdf.def
File: pgfsys-common-pdf.def 2023-01-15 v3.1.10 (3.1.10)
))) (/usr/local/texlive/2025/texmf-dist/tex/generic/pgf/systemlayer/pgfsyssoftpath.code.tex
File: pgfsyssoftpath.code.tex 2023-01-15 v3.1.10 (3.1.10)
\pgfsyssoftpath@smallbuffer@items=\count303
\pgfsyssoftpath@bigbuffer@items=\count304
) (/usr/local/texlive/2025/texmf-dist/tex/generic/pgf/systemlayer/pgfsysprotocol.code.tex
File: pgfsysprotocol.code.tex 2023-01-15 v3.1.10 (3.1.10)
)) (/usr/local/texlive/2025/texmf-dist/tex/latex/xcolor/xcolor.sty
Package: xcolor 2024/09/29 v3.02 LaTeX color extensions (UK)
 (/usr/local/texlive/2025/texmf-dist/tex/latex/graphics-cfg/color.cfg
File: color.cfg 2016/01/02 v1.6 sample color configuration
)
Package xcolor Info: Driver file: pdftex.def on input line 274.
 (/usr/local/texlive/2025/texmf-dist/tex/latex/graphics/mathcolor.ltx)
Package xcolor Info: Model `cmy' substituted by `cmy0' on input line 1349.
Package xcolor Info: Model `hsb' substituted by `rgb' on input line 1353.
Package xcolor Info: Model `RGB' extended on input line 1365.
Package xcolor Info: Model `HTML' substituted by `rgb' on input line 1367.
Package xcolor Info: Model `Hsb' substituted by `hsb' on input line 1368.
Package xcolor Info: Model `tHsb' substituted by `hsb' on input line 1369.
Package xcolor Info: Model `HSB' substituted by `hsb' on input line 1370.
Package xcolor Info: Model `Gray' substituted by `gray' on input line 1371.
Package xcolor Info: Model `wave' substituted by `hsb' on input line 1372.
) (/usr/local/texlive/2025/texmf-dist/tex/generic/pgf/basiclayer/pgfcore.code.tex
Package: pgfcore 2023-01-15 v3.1.10 (3.1.10)
 (/usr/local/texlive/2025/texmf-dist/tex/generic/pgf/math/pgfmath.code.tex (/usr/local/texlive/2025/texmf-dist/tex/generic/pgf/math/pgfmathutil.code.tex) (/usr/local/texlive/2025/texmf-dist/tex/generic/pgf/math/pgfmathparser.code.tex
\pgfmath@dimen=\dimen170
\pgfmath@count=\count305
\pgfmath@box=\box55
\pgfmath@toks=\toks39
\pgfmath@stack@operand=\toks40
\pgfmath@stack@operation=\toks41
) (/usr/local/texlive/2025/texmf-dist/tex/generic/pgf/math/pgfmathfunctions.code.tex) (/usr/local/texlive/2025/texmf-dist/tex/generic/pgf/math/pgfmathfunctions.basic.code.tex) (/usr/local/texlive/2025/texmf-dist/tex/generic/pgf/math/pgfmathfunctions.trigonometric.code.tex) (/usr/local/texlive/2025/texmf-dist/tex/generic/pgf/math/pgfmathfunctions.random.code.tex) (/usr/local/texlive/2025/texmf-dist/tex/generic/pgf/math/pgfmathfunctions.comparison.code.tex) (/usr/local/texlive/2025/texmf-dist/tex/generic/pgf/math/pgfmathfunctions.base.code.tex) (/usr/local/texlive/2025/texmf-dist/tex/generic/pgf/math/pgfmathfunctions.round.code.tex) (/usr/local/texlive/2025/texmf-dist/tex/generic/pgf/math/pgfmathfunctions.misc.code.tex) (/usr/local/texlive/2025/texmf-dist/tex/generic/pgf/math/pgfmathfunctions.integerarithmetics.code.tex) (/usr/local/texlive/2025/texmf-dist/tex/generic/pgf/math/pgfmathcalc.code.tex) (/usr/local/texlive/2025/texmf-dist/tex/generic/pgf/math/pgfmathfloat.code.tex
\c@pgfmathroundto@lastzeros=\count306
)) (/usr/local/texlive/2025/texmf-dist/tex/generic/pgf/math/pgfint.code.tex) (/usr/local/texlive/2025/texmf-dist/tex/generic/pgf/basiclayer/pgfcorepoints.code.tex
File: pgfcorepoints.code.tex 2023-01-15 v3.1.10 (3.1.10)
\pgf@picminx=\dimen171
\pgf@picmaxx=\dimen172
\pgf@picminy=\dimen173
\pgf@picmaxy=\dimen174
\pgf@pathminx=\dimen175
\pgf@pathmaxx=\dimen176
\pgf@pathminy=\dimen177
\pgf@pathmaxy=\dimen178
\pgf@xx=\dimen179
\pgf@xy=\dimen180
\pgf@yx=\dimen181
\pgf@yy=\dimen182
\pgf@zx=\dimen183
\pgf@zy=\dimen184
) (/usr/local/texlive/2025/texmf-dist/tex/generic/pgf/basiclayer/pgfcorepathconstruct.code.tex
File: pgfcorepathconstruct.code.tex 2023-01-15 v3.1.10 (3.1.10)
\pgf@path@lastx=\dimen185
\pgf@path@lasty=\dimen186
) (/usr/local/texlive/2025/texmf-dist/tex/generic/pgf/basiclayer/pgfcorepathusage.code.tex
File: pgfcorepathusage.code.tex 2023-01-15 v3.1.10 (3.1.10)
\pgf@shorten@end@additional=\dimen187
\pgf@shorten@start@additional=\dimen188
) (/usr/local/texlive/2025/texmf-dist/tex/generic/pgf/basiclayer/pgfcorescopes.code.tex
File: pgfcorescopes.code.tex 2023-01-15 v3.1.10 (3.1.10)
\pgfpic=\box56
\pgf@hbox=\box57
\pgf@layerbox@main=\box58
\pgf@picture@serial@count=\count307
) (/usr/local/texlive/2025/texmf-dist/tex/generic/pgf/basiclayer/pgfcoregraphicstate.code.tex
File: pgfcoregraphicstate.code.tex 2023-01-15 v3.1.10 (3.1.10)
\pgflinewidth=\dimen189
) (/usr/local/texlive/2025/texmf-dist/tex/generic/pgf/basiclayer/pgfcoretransformations.code.tex
File: pgfcoretransformations.code.tex 2023-01-15 v3.1.10 (3.1.10)
\pgf@pt@x=\dimen190
\pgf@pt@y=\dimen191
\pgf@pt@temp=\dimen192
) (/usr/local/texlive/2025/texmf-dist/tex/generic/pgf/basiclayer/pgfcorequick.code.tex
File: pgfcorequick.code.tex 2023-01-15 v3.1.10 (3.1.10)
) (/usr/local/texlive/2025/texmf-dist/tex/generic/pgf/basiclayer/pgfcoreobjects.code.tex
File: pgfcoreobjects.code.tex 2023-01-15 v3.1.10 (3.1.10)
) (/usr/local/texlive/2025/texmf-dist/tex/generic/pgf/basiclayer/pgfcorepathprocessing.code.tex
File: pgfcorepathprocessing.code.tex 2023-01-15 v3.1.10 (3.1.10)
) (/usr/local/texlive/2025/texmf-dist/tex/generic/pgf/basiclayer/pgfcorearrows.code.tex
File: pgfcorearrows.code.tex 2023-01-15 v3.1.10 (3.1.10)
\pgfarrowsep=\dimen193
) (/usr/local/texlive/2025/texmf-dist/tex/generic/pgf/basiclayer/pgfcoreshade.code.tex
File: pgfcoreshade.code.tex 2023-01-15 v3.1.10 (3.1.10)
\pgf@max=\dimen194
\pgf@sys@shading@range@num=\count308
\pgf@shadingcount=\count309
) (/usr/local/texlive/2025/texmf-dist/tex/generic/pgf/basiclayer/pgfcoreimage.code.tex
File: pgfcoreimage.code.tex 2023-01-15 v3.1.10 (3.1.10)
) (/usr/local/texlive/2025/texmf-dist/tex/generic/pgf/basiclayer/pgfcoreexternal.code.tex
File: pgfcoreexternal.code.tex 2023-01-15 v3.1.10 (3.1.10)
\pgfexternal@startupbox=\box59
) (/usr/local/texlive/2025/texmf-dist/tex/generic/pgf/basiclayer/pgfcorelayers.code.tex
File: pgfcorelayers.code.tex 2023-01-15 v3.1.10 (3.1.10)
) (/usr/local/texlive/2025/texmf-dist/tex/generic/pgf/basiclayer/pgfcoretransparency.code.tex
File: pgfcoretransparency.code.tex 2023-01-15 v3.1.10 (3.1.10)
) (/usr/local/texlive/2025/texmf-dist/tex/generic/pgf/basiclayer/pgfcorepatterns.code.tex
File: pgfcorepatterns.code.tex 2023-01-15 v3.1.10 (3.1.10)
) (/usr/local/texlive/2025/texmf-dist/tex/generic/pgf/basiclayer/pgfcorerdf.code.tex
File: pgfcorerdf.code.tex 2023-01-15 v3.1.10 (3.1.10)
))) (/usr/local/texlive/2025/texmf-dist/tex/generic/pgf/modules/pgfmoduleshapes.code.tex
File: pgfmoduleshapes.code.tex 2023-01-15 v3.1.10 (3.1.10)
\pgfnodeparttextbox=\box60
) (/usr/local/texlive/2025/texmf-dist/tex/generic/pgf/modules/pgfmoduleplot.code.tex
File: pgfmoduleplot.code.tex 2023-01-15 v3.1.10 (3.1.10)
) (/usr/local/texlive/2025/texmf-dist/tex/latex/pgf/compatibility/pgfcomp-version-0-65.sty
Package: pgfcomp-version-0-65 2023-01-15 v3.1.10 (3.1.10)
\pgf@nodesepstart=\dimen195
\pgf@nodesepend=\dimen196
) (/usr/local/texlive/2025/texmf-dist/tex/latex/pgf/compatibility/pgfcomp-version-1-18.sty
Package: pgfcomp-version-1-18 2023-01-15 v3.1.10 (3.1.10)
)) (/usr/local/texlive/2025/texmf-dist/tex/latex/pgf/utilities/pgffor.sty (/usr/local/texlive/2025/texmf-dist/tex/latex/pgf/utilities/pgfkeys.sty (/usr/local/texlive/2025/texmf-dist/tex/generic/pgf/utilities/pgfkeys.code.tex)) (/usr/local/texlive/2025/texmf-dist/tex/latex/pgf/math/pgfmath.sty (/usr/local/texlive/2025/texmf-dist/tex/generic/pgf/math/pgfmath.code.tex)) (/usr/local/texlive/2025/texmf-dist/tex/generic/pgf/utilities/pgffor.code.tex
Package: pgffor 2023-01-15 v3.1.10 (3.1.10)
\pgffor@iter=\dimen197
\pgffor@skip=\dimen198
\pgffor@stack=\toks42
\pgffor@toks=\toks43
)) (/usr/local/texlive/2025/texmf-dist/tex/generic/pgf/frontendlayer/tikz/tikz.code.tex
Package: tikz 2023-01-15 v3.1.10 (3.1.10)
 (/usr/local/texlive/2025/texmf-dist/tex/generic/pgf/libraries/pgflibraryplothandlers.code.tex
File: pgflibraryplothandlers.code.tex 2023-01-15 v3.1.10 (3.1.10)
\pgf@plot@mark@count=\count310
\pgfplotmarksize=\dimen199
)
\tikz@lastx=\dimen256
\tikz@lasty=\dimen257
\tikz@lastxsaved=\dimen258
\tikz@lastysaved=\dimen259
\tikz@lastmovetox=\dimen260
\tikz@lastmovetoy=\dimen261
\tikzleveldistance=\dimen262
\tikzsiblingdistance=\dimen263
\tikz@figbox=\box61
\tikz@figbox@bg=\box62
\tikz@tempbox=\box63
\tikz@tempbox@bg=\box64
\tikztreelevel=\count311
\tikznumberofchildren=\count312
\tikznumberofcurrentchild=\count313
\tikz@fig@count=\count314
 (/usr/local/texlive/2025/texmf-dist/tex/generic/pgf/modules/pgfmodulematrix.code.tex
File: pgfmodulematrix.code.tex 2023-01-15 v3.1.10 (3.1.10)
\pgfmatrixcurrentrow=\count315
\pgfmatrixcurrentcolumn=\count316
\pgf@matrix@numberofcolumns=\count317
)
\tikz@expandcount=\count318
 (/usr/local/texlive/2025/texmf-dist/tex/generic/pgf/frontendlayer/tikz/libraries/tikzlibrarytopaths.code.tex
File: tikzlibrarytopaths.code.tex 2023-01-15 v3.1.10 (3.1.10)
))) (/usr/local/texlive/2025/texmf-dist/tex/latex/caption/caption.sty
Package: caption 2023/08/05 v3.6o Customizing captions (AR)
 (/usr/local/texlive/2025/texmf-dist/tex/latex/caption/caption3.sty
Package: caption3 2023/07/31 v2.4d caption3 kernel (AR)
\caption@tempdima=\dimen264
\captionmargin=\dimen265
\caption@leftmargin=\dimen266
\caption@rightmargin=\dimen267
\caption@width=\dimen268
\caption@indent=\dimen269
\caption@parindent=\dimen270
\caption@hangindent=\dimen271
Package caption Info: Standard document class detected.
)
\c@caption@flags=\count319
\c@continuedfloat=\count320
Package caption Info: hyperref package is loaded.
)
\c@thm=\count321
\c@lem=\count322
\c@prop=\count323
\c@cor=\count324
\c@dfn=\count325
\c@obs=\count326
\c@ej=\count327
 (/usr/local/texlive/2025/texmf-dist/tex/latex/l3backend/l3backend-pdftex.def
File: l3backend-pdftex.def 2024-05-08 L3 backend support: PDF output (pdfTeX)
\l__color_backend_stack_int=\count328
\l__pdf_internal_box=\box65
) (%OUTDIR%/main.aux
LaTeX Info: Redefining \. on input line 11.
LaTeX Info: Redefining \% on input line 11.
)
\openout1 = `main.aux'.

LaTeX Font Info:    Checking defaults for OML/cmm/m/it on input line 24.
LaTeX Font Info:    ... okay on input line 24.
LaTeX Font Info:    Checking defaults for OMS/cmsy/m/n on input line 24.
LaTeX Font Info:    ... okay on input line 24.
LaTeX Font Info:    Checking defaults for OT1/cmr/m/n on input line 24.
LaTeX Font Info:    ... okay on input line 24.
LaTeX Font Info:    Checking defaults for T1/cmr/m/n on input line 24.
LaTeX Font Info:    ... okay on input line 24.
LaTeX Font Info:    Checking defaults for TS1/cmr/m/n on input line 24.
LaTeX Font Info:    ... okay on input line 24.
LaTeX Font Info:    Checking defaults for OMX/cmex/m/n on input line 24.
LaTeX Font Info:    ... okay on input line 24.
LaTeX Font Info:    Checking defaults for U/cmr/m/n on input line 24.
LaTeX Font Info:    ... okay on input line 24.
LaTeX Font Info:    Checking defaults for PD1/pdf/m/n on input line 24.
LaTeX Font Info:    ... okay on input line 24.
LaTeX Font Info:    Checking defaults for PU/pdf/m/n on input line 24.
LaTeX Font Info:    ... okay on input line 24.
 (/usr/local/texlive/2025/texmf-dist/tex/context/base/mkii/supp-pdf.mkii
[Loading MPS to PDF converter (version 2006.09.02).]
\scratchcounter=\count329
\scratchdimen=\dimen272
\scratchbox=\box66
\nofMPsegments=\count330
\nofMParguments=\count331
\everyMPshowfont=\toks44
\MPscratchCnt=\count332
\MPscratchDim=\dimen273
\MPnumerator=\count333
\makeMPintoPDFobject=\count334
\everyMPtoPDFconversion=\toks45
) (/usr/local/texlive/2025/texmf-dist/tex/latex/epstopdf-pkg/epstopdf-base.sty
Package: epstopdf-base 2020-01-24 v2.11 Base part for package epstopdf
Package epstopdf-base Info: Redefining graphics rule for `.eps' on input line 485.
 (/usr/local/texlive/2025/texmf-dist/tex/latex/latexconfig/epstopdf-sys.cfg
File: epstopdf-sys.cfg 2010/07/13 v1.3 Configuration of (r)epstopdf for TeX Live
))
LaTeX Info: Redefining \. on input line 24.
LaTeX Info: Redefining \% on input line 24.
Package hyperref Info: Link coloring OFF on input line 24.
 (%OUTDIR%/main.out) (%OUTDIR%/main.out)
\@outlinefile=\write4
\openout4 = `main.out'.

Package caption Info: Begin \AtBeginDocument code.
Package caption Info: End \AtBeginDocument code.
LaTeX Font Info:    Trying to load font information for U+msa on input line 31.
 (/usr/local/texlive/2025/texmf-dist/tex/latex/amsfonts/umsa.fd
File: umsa.fd 2013/01/14 v3.01 AMS symbols A
)
LaTeX Font Info:    Trying to load font information for U+msb on input line 31.
 (/usr/local/texlive/2025/texmf-dist/tex/latex/amsfonts/umsb.fd
File: umsb.fd 2013/01/14 v3.01 AMS symbols B
)
LaTeX Font Info:    Trying to load font information for U+rsfs on input line 31.
 (/usr/local/texlive/2025/texmf-dist/tex/latex/jknapltx/ursfs.fd
File: ursfs.fd 1998/03/24 rsfs font definition file (jk)
)

[1


{/usr/local/texlive/2025/texmf-var/fonts/map/pdftex/updmap/pdftex.map}]

[2

]
Underfull \hbox (badness 10000) in paragraph at lines 32--43

 []


Underfull \hbox (badness 10000) in paragraph at lines 45--47

 []


Underfull \hbox (badness 10000) in paragraph at lines 48--55

 []



[3]
Underfull \hbox (badness 10000) in paragraph at lines 57--62

 []


Underfull \hbox (badness 10000) in paragraph at lines 64--69

 []


Underfull \hbox (badness 10000) in paragraph at lines 71--87

 []



[4] (%OUTDIR%/main.toc
LaTeX Info: Redefining \. on input line 1.
LaTeX Info: Redefining \% on input line 1.

Overfull \hbox (0.11488pt too wide) in paragraph at lines 22--22
 [] [][]\OT1/cmr/bx/n/10 Un acer-ca-mien-to amis-to-so a la Teor^^S^^Pa del Apren-di-za-je Es-tad^^S^^Psti- 
 []



[5

])
\tf@toc=\write5
\openout5 = `main.toc'.



LaTeX Info: Redefining \. on input line 89.
LaTeX Info: Redefining \% on input line 89.
[6]
Cap\'{\i }tulo 1.


[7

]

LaTeX Info: Redefining \. on input line 204.
LaTeX Info: Redefining \% on input line 204.
[8]
Overfull \hbox (7.22571pt too wide) in paragraph at lines 260--261
[][]\OT1/cmr/bx/n/10 Definici^^Son 1.2.3. []\OT1/cmr/m/it/10 An^^Salo-ga-men-te, di-re-mos que una su-ce-si^^Son de con-jun-tos $\OMS/cmsy/m/n/10 f\OML/cmm/m/it/10 A[]\OMS/cmsy/m/n/10 g[]$
 []



LaTeX Info: Redefining \. on input line 266.
LaTeX Info: Redefining \% on input line 266.
[9]

LaTeX Info: Redefining \. on input line 325.
LaTeX Info: Redefining \% on input line 325.
[10]

LaTeX Info: Redefining \. on input line 391.
LaTeX Info: Redefining \% on input line 391.
[11]

LaTeX Info: Redefining \. on input line 484.
LaTeX Info: Redefining \% on input line 484.
[12]

LaTeX Info: Redefining \. on input line 558.
LaTeX Info: Redefining \% on input line 558.
[13]

Package amsmath Warning: Foreign command \atopwithdelims;
(amsmath)                \frac or \genfrac should be used instead
(amsmath)                 on input line 575.



LaTeX Info: Redefining \. on input line 620.
LaTeX Info: Redefining \% on input line 620.
[14]

LaTeX Info: Redefining \. on input line 688.
LaTeX Info: Redefining \% on input line 688.
[15]

LaTeX Info: Redefining \. on input line 744.
LaTeX Info: Redefining \% on input line 744.
[16]

LaTeX Info: Redefining \. on input line 808.
LaTeX Info: Redefining \% on input line 808.
[17]

LaTeX Info: Redefining \. on input line 869.
LaTeX Info: Redefining \% on input line 869.
[18]

LaTeX Info: Redefining \. on input line 940.
LaTeX Info: Redefining \% on input line 940.
[19]

LaTeX Info: Redefining \. on input line 1001.
LaTeX Info: Redefining \% on input line 1001.
[20]

LaTeX Info: Redefining \. on input line 1066.
LaTeX Info: Redefining \% on input line 1066.
[21]

LaTeX Info: Redefining \. on input line 1130.
LaTeX Info: Redefining \% on input line 1130.
[22]

LaTeX Info: Redefining \. on input line 1195.
LaTeX Info: Redefining \% on input line 1195.
[23]

LaTeX Info: Redefining \. on input line 1239.
LaTeX Info: Redefining \% on input line 1239.
[24]

LaTeX Info: Redefining \. on input line 1297.
LaTeX Info: Redefining \% on input line 1297.
[25]
Overfull \hbox (25.32666pt too wide) in paragraph at lines 1344--1345
[][]\OT1/cmr/bx/n/10 Teorema 1.9.6. []\OT1/cmr/m/it/10 (\OT1/cmr/bx/it/10 Teo-re-ma Cen-tral del L^^S^^Pmi-te - Lin-de-berg\OT1/cmr/m/it/10 ) Sean $\OML/cmm/m/it/10 X[]; X[]; [] ; X[]$
 []



LaTeX Info: Redefining \. on input line 1345.
LaTeX Info: Redefining \% on input line 1345.
[26]

LaTeX Info: Redefining \. on input line 1350.
LaTeX Info: Redefining \% on input line 1350.
[27]

LaTeX Info: Redefining \. on input line 1350.
LaTeX Info: Redefining \% on input line 1350.
[28

]
Cap\'{\i }tulo 2.

Underfull \hbox (badness 10000) in paragraph at lines 1352--1357

 []


Underfull \hbox (badness 10000) in paragraph at lines 1358--1361

 []


Underfull \hbox (badness 10000) in paragraph at lines 1363--1367

 []


Underfull \hbox (badness 10000) in paragraph at lines 1368--1374

 []



[29]
Underfull \hbox (badness 10000) in paragraph at lines 1375--1383

 []


Underfull \hbox (badness 10000) in paragraph at lines 1388--1393

 []



LaTeX Info: Redefining \. on input line 1397.
LaTeX Info: Redefining \% on input line 1397.

Overfull \hbox (129.30417pt too wide) has occurred while \output is active
\OT1/cmr/m/n/10 30 \OT1/cmr/m/sl/10 CAP[]ITULO 2.  UN ACERCAMIENTO AMISTOSO A LA TEOR[]IA DEL APRENDIZAJE ESTAD[]ISTICO
 []

[30]
Underfull \hbox (badness 10000) in paragraph at lines 1401--1403

 []


Underfull \hbox (badness 10000) in paragraph at lines 1408--1414

 []


Underfull \hbox (badness 10000) in paragraph at lines 1438--1441

 []



LaTeX Info: Redefining \. on input line 1441.
LaTeX Info: Redefining \% on input line 1441.
[31]

LaTeX Info: Redefining \. on input line 1451.
LaTeX Info: Redefining \% on input line 1451.

Overfull \hbox (129.30417pt too wide) has occurred while \output is active
\OT1/cmr/m/n/10 32 \OT1/cmr/m/sl/10 CAP[]ITULO 2.  UN ACERCAMIENTO AMISTOSO A LA TEOR[]IA DEL APRENDIZAJE ESTAD[]ISTICO
 []

[32]

LaTeX Info: Redefining \. on input line 1462.
LaTeX Info: Redefining \% on input line 1462.
[33]
Overfull \hbox (17.22522pt too wide) in paragraph at lines 1467--1467
[]\OT1/cmr/bx/n/12 Arquitecturas mo-der-nas en NLP: Trans-for-mers, BERT
 []



LaTeX Info: Redefining \. on input line 1472.
LaTeX Info: Redefining \% on input line 1472.

Overfull \hbox (129.30417pt too wide) has occurred while \output is active
\OT1/cmr/m/n/10 34 \OT1/cmr/m/sl/10 CAP[]ITULO 2.  UN ACERCAMIENTO AMISTOSO A LA TEOR[]IA DEL APRENDIZAJE ESTAD[]ISTICO
 []

[34]

LaTeX Info: Redefining \. on input line 1503.
LaTeX Info: Redefining \% on input line 1503.
[35]

LaTeX Info: Redefining \. on input line 1522.
LaTeX Info: Redefining \% on input line 1522.

Overfull \hbox (129.30417pt too wide) has occurred while \output is active
\OT1/cmr/m/n/10 36 \OT1/cmr/m/sl/10 CAP[]ITULO 2.  UN ACERCAMIENTO AMISTOSO A LA TEOR[]IA DEL APRENDIZAJE ESTAD[]ISTICO
 []

[36]
Underfull \hbox (badness 10000) in paragraph at lines 1546--1549

 []


Underfull \hbox (badness 10000) in paragraph at lines 1550--1552

 []


Underfull \hbox (badness 10000) in paragraph at lines 1555--1556

 []


Underfull \hbox (badness 10000) in paragraph at lines 1557--1560

 []



LaTeX Info: Redefining \. on input line 1560.
LaTeX Info: Redefining \% on input line 1560.
[37]
Underfull \hbox (badness 10000) in paragraph at lines 1581--1584

 []


Underfull \hbox (badness 10000) in paragraph at lines 1593--1597

 []


Underfull \hbox (badness 10000) in paragraph at lines 1601--1605

 []



LaTeX Info: Redefining \. on input line 1605.
LaTeX Info: Redefining \% on input line 1605.

Overfull \hbox (129.30417pt too wide) has occurred while \output is active
\OT1/cmr/m/n/10 38 \OT1/cmr/m/sl/10 CAP[]ITULO 2.  UN ACERCAMIENTO AMISTOSO A LA TEOR[]IA DEL APRENDIZAJE ESTAD[]ISTICO
 []

[38]
Underfull \hbox (badness 10000) in paragraph at lines 1616--1621

 []



LaTeX Info: Redefining \. on input line 1638.
LaTeX Info: Redefining \% on input line 1638.
[39]
Underfull \hbox (badness 10000) in paragraph at lines 1640--1648

 []


Underfull \hbox (badness 10000) in paragraph at lines 1649--1653

 []



LaTeX Info: Redefining \. on input line 1667.
LaTeX Info: Redefining \% on input line 1667.

Overfull \hbox (129.30417pt too wide) has occurred while \output is active
\OT1/cmr/m/n/10 40 \OT1/cmr/m/sl/10 CAP[]ITULO 2.  UN ACERCAMIENTO AMISTOSO A LA TEOR[]IA DEL APRENDIZAJE ESTAD[]ISTICO
 []

[40]
Underfull \hbox (badness 10000) in paragraph at lines 1701--1708

 []


Underfull \hbox (badness 10000) in paragraph at lines 1709--1715

 []



LaTeX Info: Redefining \. on input line 1715.
LaTeX Info: Redefining \% on input line 1715.
[41]
Underfull \hbox (badness 10000) in paragraph at lines 1716--1719

 []


Underfull \hbox (badness 10000) in paragraph at lines 1720--1723

 []


Underfull \hbox (badness 10000) in paragraph at lines 1724--1730

 []


Underfull \hbox (badness 10000) in paragraph at lines 1734--1737

 []


Underfull \hbox (badness 10000) in paragraph at lines 1739--1743

 []



LaTeX Info: Redefining \. on input line 1743.
LaTeX Info: Redefining \% on input line 1743.

Overfull \hbox (129.30417pt too wide) has occurred while \output is active
\OT1/cmr/m/n/10 42 \OT1/cmr/m/sl/10 CAP[]ITULO 2.  UN ACERCAMIENTO AMISTOSO A LA TEOR[]IA DEL APRENDIZAJE ESTAD[]ISTICO
 []

[42]
<Images/1.png, id=740, 268.00125pt x 244.915pt>
File: Images/1.png Graphic file (type png)
<use Images/1.png>
Package pdftex.def Info: Images/1.png  used on input line 1746.
(pdftex.def)             Requested size: 172.5pt x 157.63821pt.

Underfull \hbox (badness 10000) in paragraph at lines 1751--1758

 []


Underfull \hbox (badness 10000) in paragraph at lines 1760--1767

 []


Underfull \hbox (badness 10000) in paragraph at lines 1769--1780

 []



LaTeX Info: Redefining \. on input line 1780.
LaTeX Info: Redefining \% on input line 1780.
[43 <./Images/1.png>]
Underfull \hbox (badness 10000) in paragraph at lines 1781--1792

 []


Underfull \hbox (badness 10000) in paragraph at lines 1793--1804

 []



LaTeX Info: Redefining \. on input line 1813.
LaTeX Info: Redefining \% on input line 1813.

Overfull \hbox (129.30417pt too wide) has occurred while \output is active
\OT1/cmr/m/n/10 44 \OT1/cmr/m/sl/10 CAP[]ITULO 2.  UN ACERCAMIENTO AMISTOSO A LA TEOR[]IA DEL APRENDIZAJE ESTAD[]ISTICO
 []

[44]
Underfull \hbox (badness 10000) in paragraph at lines 1828--1833

 []

<Images/2.png, id=755, 587.19376pt x 572.1375pt>
File: Images/2.png Graphic file (type png)
<use Images/2.png>
Package pdftex.def Info: Images/2.png  used on input line 1836.
(pdftex.def)             Requested size: 172.5pt x 168.07196pt.

Underfull \hbox (badness 10000) in paragraph at lines 1848--1855

 []



LaTeX Info: Redefining \. on input line 1855.
LaTeX Info: Redefining \% on input line 1855.
[45]
Underfull \hbox (badness 10000) in paragraph at lines 1856--1859

 []


Underfull \hbox (badness 10000) in paragraph at lines 1864--1875

 []

<Images/3.png, id=762, 588.1975pt x 409.53pt>
File: Images/3.png Graphic file (type png)
<use Images/3.png>
Package pdftex.def Info: Images/3.png  used on input line 1878.
(pdftex.def)             Requested size: 172.5pt x 120.09792pt.

Underfull \hbox (badness 10000) in paragraph at lines 1889--1896

 []



LaTeX Info: Redefining \. on input line 1896.
LaTeX Info: Redefining \% on input line 1896.

Overfull \hbox (129.30417pt too wide) has occurred while \output is active
\OT1/cmr/m/n/10 46 \OT1/cmr/m/sl/10 CAP[]ITULO 2.  UN ACERCAMIENTO AMISTOSO A LA TEOR[]IA DEL APRENDIZAJE ESTAD[]ISTICO
 []

[46 <./Images/2.png>]
Underfull \hbox (badness 10000) in paragraph at lines 1898--1901

 []


Package hyperref Warning: Token not allowed in a PDF string (Unicode):
(hyperref)                removing `math shift' on input line 1902.


Package hyperref Warning: Token not allowed in a PDF string (Unicode):
(hyperref)                removing `math shift' on input line 1902.


Underfull \hbox (badness 10000) in paragraph at lines 1904--1911

 []


Underfull \hbox (badness 10000) in paragraph at lines 1912--1922

 []



LaTeX Info: Redefining \. on input line 1922.
LaTeX Info: Redefining \% on input line 1922.
[47 <./Images/3.png>]
Underfull \hbox (badness 10000) in paragraph at lines 1934--1936

 []


Underfull \hbox (badness 10000) in paragraph at lines 1943--1946

 []



LaTeX Info: Redefining \. on input line 1968.
LaTeX Info: Redefining \% on input line 1968.

Overfull \hbox (129.30417pt too wide) has occurred while \output is active
\OT1/cmr/m/n/10 48 \OT1/cmr/m/sl/10 CAP[]ITULO 2.  UN ACERCAMIENTO AMISTOSO A LA TEOR[]IA DEL APRENDIZAJE ESTAD[]ISTICO
 []

[48]
Underfull \hbox (badness 10000) in paragraph at lines 1980--1983

 []



LaTeX Info: Redefining \. on input line 2024.
LaTeX Info: Redefining \% on input line 2024.
[49]
Underfull \hbox (badness 10000) in paragraph at lines 2042--2047

 []


Underfull \hbox (badness 10000) in paragraph at lines 2048--2051

 []


Underfull \hbox (badness 10000) in paragraph at lines 2053--2058

 []


Underfull \hbox (badness 10000) in paragraph at lines 2060--2063

 []


Underfull \hbox (badness 10000) in paragraph at lines 2064--2075

 []



LaTeX Info: Redefining \. on input line 2075.
LaTeX Info: Redefining \% on input line 2075.

Overfull \hbox (129.30417pt too wide) has occurred while \output is active
\OT1/cmr/m/n/10 50 \OT1/cmr/m/sl/10 CAP[]ITULO 2.  UN ACERCAMIENTO AMISTOSO A LA TEOR[]IA DEL APRENDIZAJE ESTAD[]ISTICO
 []

[50]
Underfull \hbox (badness 10000) in paragraph at lines 2096--2098

 []


Underfull \hbox (badness 10000) in paragraph at lines 2099--2105

 []



LaTeX Info: Redefining \. on input line 2109.
LaTeX Info: Redefining \% on input line 2109.
[51]
Underfull \hbox (badness 10000) in paragraph at lines 2149--2152

 []



LaTeX Info: Redefining \. on input line 2153.
LaTeX Info: Redefining \% on input line 2153.

Overfull \hbox (129.30417pt too wide) has occurred while \output is active
\OT1/cmr/m/n/10 52 \OT1/cmr/m/sl/10 CAP[]ITULO 2.  UN ACERCAMIENTO AMISTOSO A LA TEOR[]IA DEL APRENDIZAJE ESTAD[]ISTICO
 []

[52]
Underfull \hbox (badness 10000) in paragraph at lines 2160--2161

 []


Underfull \hbox (badness 10000) in paragraph at lines 2173--2175

 []


Underfull \hbox (badness 10000) in paragraph at lines 2176--2186

 []


Underfull \hbox (badness 10000) in paragraph at lines 2187--2194

 []



LaTeX Info: Redefining \. on input line 2194.
LaTeX Info: Redefining \% on input line 2194.
[53]
Underfull \hbox (badness 10000) in paragraph at lines 2220--2225

 []


Underfull \hbox (badness 10000) in paragraph at lines 2226--2235

 []



LaTeX Info: Redefining \. on input line 2241.
LaTeX Info: Redefining \% on input line 2241.

Overfull \hbox (129.30417pt too wide) has occurred while \output is active
\OT1/cmr/m/n/10 54 \OT1/cmr/m/sl/10 CAP[]ITULO 2.  UN ACERCAMIENTO AMISTOSO A LA TEOR[]IA DEL APRENDIZAJE ESTAD[]ISTICO
 []

[54]
Underfull \hbox (badness 10000) in paragraph at lines 2243--2252

 []

<Images/4.png, id=815, 388.45125pt x 255.95625pt>
File: Images/4.png Graphic file (type png)
<use Images/4.png>
Package pdftex.def Info: Images/4.png  used on input line 2265.
(pdftex.def)             Requested size: 276.00105pt x 181.8669pt.


LaTeX Info: Redefining \. on input line 2300.
LaTeX Info: Redefining \% on input line 2300.
[55]

LaTeX Info: Redefining \. on input line 2325.
LaTeX Info: Redefining \% on input line 2325.

Overfull \hbox (129.30417pt too wide) has occurred while \output is active
\OT1/cmr/m/n/10 56 \OT1/cmr/m/sl/10 CAP[]ITULO 2.  UN ACERCAMIENTO AMISTOSO A LA TEOR[]IA DEL APRENDIZAJE ESTAD[]ISTICO
 []

[56 <./Images/4.png>]
Underfull \hbox (badness 10000) in paragraph at lines 2331--2334

 []


Underfull \hbox (badness 10000) in paragraph at lines 2341--2345

 []


Underfull \hbox (badness 10000) in paragraph at lines 2346--2350

 []


Underfull \hbox (badness 10000) in paragraph at lines 2358--2360

 []


Underfull \hbox (badness 10000) in paragraph at lines 2362--2366

 []



LaTeX Info: Redefining \. on input line 2377.
LaTeX Info: Redefining \% on input line 2377.
[57]
Underfull \hbox (badness 10000) in paragraph at lines 2379--2382

 []


Underfull \hbox (badness 10000) in paragraph at lines 2384--2389

 []


Underfull \hbox (badness 10000) in paragraph at lines 2392--2395

 []



LaTeX Info: Redefining \. on input line 2417.
LaTeX Info: Redefining \% on input line 2417.

Overfull \hbox (129.30417pt too wide) has occurred while \output is active
\OT1/cmr/m/n/10 58 \OT1/cmr/m/sl/10 CAP[]ITULO 2.  UN ACERCAMIENTO AMISTOSO A LA TEOR[]IA DEL APRENDIZAJE ESTAD[]ISTICO
 []

[58]
Underfull \hbox (badness 10000) in paragraph at lines 2425--2429

 []


Underfull \hbox (badness 10000) in paragraph at lines 2430--2436

 []


Underfull \hbox (badness 10000) in paragraph at lines 2446--2451

 []


Underfull \hbox (badness 10000) in paragraph at lines 2452--2454

 []



LaTeX Info: Redefining \. on input line 2461.
LaTeX Info: Redefining \% on input line 2461.
[59]
Underfull \hbox (badness 10000) in paragraph at lines 2465--2466

 []


Overfull \hbox (3.74811pt too wide) in paragraph at lines 2468--2472
\OMS/cmsy/m/n/10 R\OT1/cmr/m/n/10 (\OML/cmm/m/it/10 f\OT1/cmr/m/n/10 ) \OMS/cmsy/m/n/10 ^^@ R[]\OT1/cmr/m/n/10 (\OML/cmm/m/it/10 f\OT1/cmr/m/n/10 )$ me-dian-te la di-fe-ren-cia en-tre ries-gos emp^^S^^Pri-cos $\OMS/cmsy/m/n/10 R[]\OT1/cmr/m/n/10 (\OML/cmm/m/it/10 f\OT1/cmr/m/n/10 )$ y $\OMS/cmsy/m/n/10 R[]\OT1/cmr/m/n/10 (\OML/cmm/m/it/10 f\OT1/cmr/m/n/10 )$
 []


Underfull \hbox (badness 10000) in paragraph at lines 2468--2472

 []


Underfull \hbox (badness 10000) in paragraph at lines 2484--2489

 []

<Images/8.png, id=850, 348.3414pt x 348.3414pt>
File: Images/8.png Graphic file (type png)
<use Images/8.png>
Package pdftex.def Info: Images/8.png  used on input line 2492.
(pdftex.def)             Requested size: 276.00105pt x 276.02118pt.

Underfull \hbox (badness 10000) in paragraph at lines 2498--2503

 []


Underfull \hbox (badness 10000) in paragraph at lines 2507--2512

 []



LaTeX Info: Redefining \. on input line 2512.
LaTeX Info: Redefining \% on input line 2512.

Overfull \hbox (129.30417pt too wide) has occurred while \output is active
\OT1/cmr/m/n/10 60 \OT1/cmr/m/sl/10 CAP[]ITULO 2.  UN ACERCAMIENTO AMISTOSO A LA TEOR[]IA DEL APRENDIZAJE ESTAD[]ISTICO
 []

[60]
Overfull \hbox (11.26187pt too wide) in paragraph at lines 2514--2516
[][]\OT1/cmr/bx/n/10 Definici^^Son 2.6.1. []\OT1/cmr/m/it/10 Sean $\OMS/cmsy/m/n/10 F$ \OT1/cmr/m/it/10 una cla-se de fun-cio-nes y $\OML/cmm/m/it/10 Z[] \OT1/cmr/m/n/10 := \OMS/cmsy/m/n/10 f\OT1/cmr/m/n/10 (\OML/cmm/m/it/10 X[]; Y[]\OT1/cmr/m/n/10 )\OML/cmm/m/it/10 ; [] ; \OT1/cmr/m/n/10 (\OML/cmm/m/it/10 X[]; Y[]\OT1/cmr/m/n/10 )\OMS/cmsy/m/n/10 g$
 []


Overfull \hbox (3.21747pt too wide) in paragraph at lines 2529--2531
[][]\OT1/cmr/bx/n/10 Definici^^Son 2.6.3. []\OT1/cmr/m/it/10 Da-do un es-pa-cio mues-tral $\OML/cmm/m/it/10 X$ \OT1/cmr/m/it/10 y $\OML/cmm/m/it/10 Z[] \OT1/cmr/m/n/10 := \OMS/cmsy/m/n/10 f\OT1/cmr/m/n/10 (\OML/cmm/m/it/10 X[]; Y[]\OT1/cmr/m/n/10 )\OML/cmm/m/it/10 ; [] ; \OT1/cmr/m/n/10 (\OML/cmm/m/it/10 X[]; Y[]\OT1/cmr/m/n/10 )\OMS/cmsy/m/n/10 g$
 []


Underfull \hbox (badness 10000) in paragraph at lines 2537--2541

 []



LaTeX Info: Redefining \. on input line 2541.
LaTeX Info: Redefining \% on input line 2541.
[61 <./Images/8.png>]
Underfull \hbox (badness 10000) in paragraph at lines 2542--2548

 []


Underfull \hbox (badness 10000) in paragraph at lines 2549--2552

 []


Underfull \hbox (badness 10000) in paragraph at lines 2553--2556

 []

<Images/5.png, id=868, 963.6pt x 338.26375pt>
File: Images/5.png Graphic file (type png)
<use Images/5.png>
Package pdftex.def Info: Images/5.png  used on input line 2559.
(pdftex.def)             Requested size: 276.00105pt x 96.88618pt.

Underfull \hbox (badness 10000) in paragraph at lines 2565--2571

 []



LaTeX Info: Redefining \. on input line 2571.
LaTeX Info: Redefining \% on input line 2571.

Overfull \hbox (129.30417pt too wide) has occurred while \output is active
\OT1/cmr/m/n/10 62 \OT1/cmr/m/sl/10 CAP[]ITULO 2.  UN ACERCAMIENTO AMISTOSO A LA TEOR[]IA DEL APRENDIZAJE ESTAD[]ISTICO
 []

[62 <./Images/5.png>]
Underfull \hbox (badness 10000) in paragraph at lines 2572--2580

 []


Underfull \hbox (badness 10000) in paragraph at lines 2583--2589

 []


Underfull \hbox (badness 10000) in paragraph at lines 2590--2595

 []


Underfull \hbox (badness 10000) in paragraph at lines 2605--2609

 []



LaTeX Info: Redefining \. on input line 2609.
LaTeX Info: Redefining \% on input line 2609.
[63]
Underfull \hbox (badness 10000) in paragraph at lines 2619--2623

 []


Overfull \hbox (35.37207pt too wide) detected at line 2631
\OML/cmm/m/it/10 P [] \OMS/cmsy/m/n/10 ^^T \OT1/cmr/m/n/10 2 \OMS/cmsy/m/n/10 ^^A \OT1/cmr/m/n/10 2[] [] [] = 2 [] [] \OML/cmm/m/it/10 :
 []


Underfull \hbox (badness 10000) in paragraph at lines 2649--2650

 []



LaTeX Info: Redefining \. on input line 2654.
LaTeX Info: Redefining \% on input line 2654.

Overfull \hbox (129.30417pt too wide) has occurred while \output is active
\OT1/cmr/m/n/10 64 \OT1/cmr/m/sl/10 CAP[]ITULO 2.  UN ACERCAMIENTO AMISTOSO A LA TEOR[]IA DEL APRENDIZAJE ESTAD[]ISTICO
 []

[64]
Underfull \hbox (badness 10000) in paragraph at lines 2668--2670

 []


Underfull \hbox (badness 10000) in paragraph at lines 2671--2675

 []


Underfull \hbox (badness 10000) in paragraph at lines 2676--2683

 []


Underfull \hbox (badness 10000) in paragraph at lines 2684--2692

 []


Underfull \hbox (badness 10000) in paragraph at lines 2693--2700

 []



LaTeX Info: Redefining \. on input line 2700.
LaTeX Info: Redefining \% on input line 2700.
[65]
Underfull \hbox (badness 10000) in paragraph at lines 2701--2705

 []


Underfull \hbox (badness 10000) in paragraph at lines 2708--2714

 []


Underfull \hbox (badness 10000) in paragraph at lines 2715--2719

 []


Underfull \hbox (badness 10000) in paragraph at lines 2724--2726

 []


Underfull \hbox (badness 10000) in paragraph at lines 2728--2732

 []



LaTeX Info: Redefining \. on input line 2737.
LaTeX Info: Redefining \% on input line 2737.

Overfull \hbox (129.30417pt too wide) has occurred while \output is active
\OT1/cmr/m/n/10 66 \OT1/cmr/m/sl/10 CAP[]ITULO 2.  UN ACERCAMIENTO AMISTOSO A LA TEOR[]IA DEL APRENDIZAJE ESTAD[]ISTICO
 []

[66]
Underfull \hbox (badness 10000) in paragraph at lines 2744--2749

 []


Underfull \hbox (badness 10000) in paragraph at lines 2750--2754

 []


Underfull \hbox (badness 10000) in paragraph at lines 2756--2758

 []


Underfull \hbox (badness 10000) in paragraph at lines 2760--2768

 []



LaTeX Info: Redefining \. on input line 2770.
LaTeX Info: Redefining \% on input line 2770.
[67]

LaTeX Info: Redefining \. on input line 2770.
LaTeX Info: Redefining \% on input line 2770.

Overfull \hbox (129.30417pt too wide) has occurred while \output is active
\OT1/cmr/m/n/10 68 \OT1/cmr/m/sl/10 CAP[]ITULO 2.  UN ACERCAMIENTO AMISTOSO A LA TEOR[]IA DEL APRENDIZAJE ESTAD[]ISTICO
 []

[68

]
Cap\'{\i }tulo 3.

Underfull \hbox (badness 10000) in paragraph at lines 2772--2776

 []


Underfull \hbox (badness 10000) in paragraph at lines 2779--2782

 []



[69]
Underfull \hbox (badness 10000) in paragraph at lines 2844--2846

 []



LaTeX Info: Redefining \. on input line 2864.
LaTeX Info: Redefining \% on input line 2864.
[70]
Underfull \hbox (badness 10000) in paragraph at lines 2876--2877

 []


Underfull \hbox (badness 10000) in paragraph at lines 2883--2886

 []



LaTeX Info: Redefining \. on input line 2921.
LaTeX Info: Redefining \% on input line 2921.
[71]
Underfull \hbox (badness 10000) in paragraph at lines 2944--2949

 []


Underfull \hbox (badness 10000) in paragraph at lines 2957--2959

 []



LaTeX Info: Redefining \. on input line 2985.
LaTeX Info: Redefining \% on input line 2985.
[72]
Underfull \hbox (badness 10000) in paragraph at lines 2985--2988

 []


Underfull \hbox (badness 10000) in paragraph at lines 2989--2993

 []


Underfull \hbox (badness 10000) in paragraph at lines 2994--2997

 []


Underfull \hbox (badness 10000) in paragraph at lines 2998--2999

 []



LaTeX Info: Redefining \. on input line 3037.
LaTeX Info: Redefining \% on input line 3037.
[73]
Underfull \hbox (badness 10000) in paragraph at lines 3039--3040

 []


Underfull \hbox (badness 10000) in paragraph at lines 3044--3047

 []


Underfull \hbox (badness 10000) in paragraph at lines 3053--3055

 []


Underfull \hbox (badness 10000) in paragraph at lines 3067--3068

 []


Underfull \hbox (badness 10000) in paragraph at lines 3070--3072

 []



LaTeX Info: Redefining \. on input line 3089.
LaTeX Info: Redefining \% on input line 3089.
[74]
Underfull \hbox (badness 10000) in paragraph at lines 3120--3122

 []


Underfull \hbox (badness 10000) in paragraph at lines 3141--3146

 []



LaTeX Info: Redefining \. on input line 3146.
LaTeX Info: Redefining \% on input line 3146.
[75]
Underfull \hbox (badness 10000) in paragraph at lines 3175--3179

 []


Underfull \hbox (badness 10000) in paragraph at lines 3182--3186

 []


Overfull \hbox (9.51797pt too wide) detected at line 3196
 \OML/cmm/m/it/10 C \OT1/cmr/m/n/10 = [] = [] = [] \OML/cmm/m/it/10 :
 []



LaTeX Info: Redefining \. on input line 3196.
LaTeX Info: Redefining \% on input line 3196.
[76]
Underfull \hbox (badness 10000) in paragraph at lines 3198--3199

 []


Overfull \hbox (21.75635pt too wide) detected at line 3212
\OML/cmm/m/it/10 P[]\OT1/cmr/m/n/10 (\OML/cmm/m/it/10 C\OT1/cmr/m/n/10 ) = \OML/cmm/m/it/10 P[] [] \OT1/cmr/m/n/10 = [][] [] \OML/cmm/m/it/10 dP\OT1/cmr/m/n/10 (
[])
 []


Overfull \hbox (15.70392pt too wide) in paragraph at lines 3219--3220
[]\OT1/cmr/m/n/10 Notemos que los ele-men-tos de $
[]$ son de la for-ma $\OMS/cmsy/m/n/10 f\OML/cmm/m/it/10 ![]; [] ; ![]\OMS/cmsy/m/n/10 g ^^B f\OML/cmm/m/it/10 ![]; [] ; ![]\OMS/cmsy/m/n/10 g$\OT1/cmr/m/n/10 . 
 []


Underfull \hbox (badness 10000) in paragraph at lines 3219--3220

 []



LaTeX Info: Redefining \. on input line 3259.
LaTeX Info: Redefining \% on input line 3259.
[77]
Underfull \hbox (badness 10000) in paragraph at lines 3300--3301

 []



LaTeX Info: Redefining \. on input line 3310.
LaTeX Info: Redefining \% on input line 3310.
[78]
Underfull \hbox (badness 10000) in paragraph at lines 3320--3321

 []


Underfull \hbox (badness 10000) in paragraph at lines 3337--3339

 []


Underfull \hbox (badness 10000) in paragraph at lines 3349--3350

 []



LaTeX Info: Redefining \. on input line 3368.
LaTeX Info: Redefining \% on input line 3368.
[79]
Underfull \hbox (badness 10000) in paragraph at lines 3380--3381

 []


Underfull \hbox (badness 10000) in paragraph at lines 3391--3392

 []



LaTeX Info: Redefining \. on input line 3418.
LaTeX Info: Redefining \% on input line 3418.
[80]
Underfull \hbox (badness 10000) in paragraph at lines 3432--3433

 []


Underfull \hbox (badness 10000) in paragraph at lines 3457--3458

 []



LaTeX Info: Redefining \. on input line 3474.
LaTeX Info: Redefining \% on input line 3474.
[81]
Underfull \hbox (badness 10000) in paragraph at lines 3487--3489

 []



LaTeX Info: Redefining \. on input line 3529.
LaTeX Info: Redefining \% on input line 3529.
[82]
Underfull \hbox (badness 10000) in paragraph at lines 3531--3534

 []


Underfull \hbox (badness 10000) in paragraph at lines 3553--3554

 []


Underfull \hbox (badness 10000) in paragraph at lines 3561--3562

 []



LaTeX Info: Redefining \. on input line 3576.
LaTeX Info: Redefining \% on input line 3576.
[83]
Underfull \hbox (badness 10000) in paragraph at lines 3610--3613

 []



LaTeX Info: Redefining \. on input line 3629.
LaTeX Info: Redefining \% on input line 3629.
[84]

LaTeX Info: Redefining \. on input line 3695.
LaTeX Info: Redefining \% on input line 3695.
[85]
Underfull \hbox (badness 10000) in paragraph at lines 3697--3698

 []


Overfull \hbox (0.36046pt too wide) detected at line 3715
[][] \OT1/cmr/m/n/10 ^^A[](\OML/cmm/m/it/10 ![]; [] ; ![]; ![]; [] ; ![]\OT1/cmr/m/n/10 ) \OMS/cmsy/m/n/10 ^^T [][] \OT1/cmr/m/n/10 ^^A[](\OML/cmm/m/it/10 ![]; [] ; ![]\OT1/cmr/m/n/10 ) + [][] ^^A[](\OML/cmm/m/it/10 ![]; [] ; ![]\OT1/cmr/m/n/10 )\OML/cmm/m/it/10 :
 []


Underfull \hbox (badness 10000) in paragraph at lines 3715--3716

 []


Underfull \hbox (badness 10000) in paragraph at lines 3719--3721

 []


Underfull \hbox (badness 10000) in paragraph at lines 3732--3733

 []


Underfull \hbox (badness 10000) in paragraph at lines 3751--3752

 []



LaTeX Info: Redefining \. on input line 3753.
LaTeX Info: Redefining \% on input line 3753.
[86]

LaTeX Info: Redefining \. on input line 3809.
LaTeX Info: Redefining \% on input line 3809.
[87]

LaTeX Info: Redefining \. on input line 3857.
LaTeX Info: Redefining \% on input line 3857.
[88]

LaTeX Info: Redefining \. on input line 3903.
LaTeX Info: Redefining \% on input line 3903.
[89]
Overfull \hbox (22.01208pt too wide) detected at line 3918
\OML/cmm/m/it/10 P[] [] \OT1/cmr/m/n/10 = \OML/cmm/m/it/10 P[] [] :
 []


Overfull \hbox (35.69382pt too wide) detected at line 3930
[] \OMS/cmsy/m/n/10 ^^R [] \OML/cmm/m/it/10 :
 []


Overfull \hbox (0.18073pt too wide) in paragraph at lines 3942--3943
[]\OT1/cmr/m/n/10 Ahora, uti-li-zan-do la cons-tan-te $\OML/cmm/m/it/10 k \OT1/cmr/m/n/10 = []$ en la des-igual-dad de Chebyshev,
 []



LaTeX Info: Redefining \. on input line 3954.
LaTeX Info: Redefining \% on input line 3954.
[90]
Underfull \hbox (badness 10000) in paragraph at lines 3985--3986

 []



LaTeX Info: Redefining \. on input line 4007.
LaTeX Info: Redefining \% on input line 4007.
[91]
Underfull \hbox (badness 10000) in paragraph at lines 4046--4047

 []


Underfull \hbox (badness 10000) in paragraph at lines 4058--4059

 []



LaTeX Info: Redefining \. on input line 4059.
LaTeX Info: Redefining \% on input line 4059.
[92]
Underfull \hbox (badness 10000) in paragraph at lines 4085--4088

 []



LaTeX Info: Redefining \. on input line 4119.
LaTeX Info: Redefining \% on input line 4119.
[93]
Underfull \hbox (badness 10000) in paragraph at lines 4128--4129

 []



LaTeX Info: Redefining \. on input line 4159.
LaTeX Info: Redefining \% on input line 4159.
[94]
Underfull \hbox (badness 10000) in paragraph at lines 4178--4180

 []



LaTeX Info: Redefining \. on input line 4202.
LaTeX Info: Redefining \% on input line 4202.
[95]

LaTeX Info: Redefining \. on input line 4248.
LaTeX Info: Redefining \% on input line 4248.
[96]
Overfull \hbox (25.0543pt too wide) detected at line 4264
\OML/cmm/m/it/10 P\OT1/cmr/m/n/10 (\OML/cmm/m/it/10 C[]\OT1/cmr/m/n/10 ) = [][] \OML/cmm/m/it/10 ^^R [] dP \OT1/cmr/m/n/10 = [][] [] [] \OML/cmm/m/it/10 ^^R [] dP
 []


Underfull \hbox (badness 10000) in paragraph at lines 4266--4267

 []


Underfull \hbox (badness 10000) in paragraph at lines 4274--4276

 []


Underfull \hbox (badness 10000) in paragraph at lines 4287--4291

 []



LaTeX Info: Redefining \. on input line 4300.
LaTeX Info: Redefining \% on input line 4300.
[97]
Underfull \hbox (badness 10000) in paragraph at lines 4312--4313

 []


Underfull \hbox (badness 10000) in paragraph at lines 4314--4316

 []


Underfull \hbox (badness 10000) in paragraph at lines 4317--4320

 []



LaTeX Info: Redefining \. on input line 4347.
LaTeX Info: Redefining \% on input line 4347.
[98]
Underfull \hbox (badness 10000) in paragraph at lines 4377--4378

 []



LaTeX Info: Redefining \. on input line 4395.
LaTeX Info: Redefining \% on input line 4395.
[99]
Underfull \hbox (badness 10000) in paragraph at lines 4422--4423

 []



LaTeX Info: Redefining \. on input line 4434.
LaTeX Info: Redefining \% on input line 4434.
[100]
Cap\'{\i }tulo 4.

Underfull \hbox (badness 10000) in paragraph at lines 4438--4441

 []


Underfull \hbox (badness 10000) in paragraph at lines 4442--4443

 []


Underfull \hbox (badness 10000) in paragraph at lines 4457--4460

 []



[101

]
Underfull \hbox (badness 10000) in paragraph at lines 4470--4471

 []


Underfull \hbox (badness 10000) in paragraph at lines 4472--4479

 []


Underfull \hbox (badness 10000) in paragraph at lines 4486--4488

 []



LaTeX Info: Redefining \. on input line 4505.
LaTeX Info: Redefining \% on input line 4505.
[102]
<Images/6.png, id=1183, 579.16376pt x 481.8pt>
File: Images/6.png Graphic file (type png)
<use Images/6.png>
Package pdftex.def Info: Images/6.png  used on input line 4512.
(pdftex.def)             Requested size: 172.5pt x 143.49718pt.

Underfull \hbox (badness 10000) in paragraph at lines 4528--4533

 []



LaTeX Info: Redefining \. on input line 4544.
LaTeX Info: Redefining \% on input line 4544.

Overfull \hbox (31.52623pt too wide) has occurred while \output is active
\OT1/cmr/m/sl/10 4.1.  M[]AS MEDIDAS DE CAPACIDAD DE UN ESPACIO DE CLASIFICADORES \OT1/cmr/m/n/10 103
 []

[103 <./Images/6.png>]
Underfull \hbox (badness 10000) in paragraph at lines 4551--4556

 []


Underfull \hbox (badness 10000) in paragraph at lines 4564--4568

 []


Underfull \hbox (badness 10000) in paragraph at lines 4569--4574

 []


Underfull \hbox (badness 10000) in paragraph at lines 4578--4582

 []


Underfull \hbox (badness 10000) in paragraph at lines 4583--4588

 []



LaTeX Info: Redefining \. on input line 4588.
LaTeX Info: Redefining \% on input line 4588.
[104]
Underfull \hbox (badness 10000) in paragraph at lines 4589--4595

 []


Underfull \hbox (badness 10000) in paragraph at lines 4596--4603

 []


Underfull \hbox (badness 10000) in paragraph at lines 4606--4611

 []


Underfull \hbox (badness 10000) in paragraph at lines 4619--4623

 []



LaTeX Info: Redefining \. on input line 4632.
LaTeX Info: Redefining \% on input line 4632.
[105]
Underfull \hbox (badness 10000) in paragraph at lines 4641--4643

 []


Underfull \hbox (badness 10000) in paragraph at lines 4670--4674

 []


Underfull \hbox (badness 10000) in paragraph at lines 4691--4694

 []



LaTeX Info: Redefining \. on input line 4694.
LaTeX Info: Redefining \% on input line 4694.
[106]
Underfull \hbox (badness 10000) in paragraph at lines 4707--4712

 []


Underfull \hbox (badness 10000) in paragraph at lines 4713--4718

 []


Underfull \hbox (badness 10000) in paragraph at lines 4719--4722

 []


Underfull \hbox (badness 10000) in paragraph at lines 4723--4729

 []


Underfull \hbox (badness 10000) in paragraph at lines 4730--4736

 []



LaTeX Info: Redefining \. on input line 4736.
LaTeX Info: Redefining \% on input line 4736.
[107]
Underfull \hbox (badness 10000) in paragraph at lines 4737--4745

 []


Underfull \hbox (badness 10000) in paragraph at lines 4746--4752

 []


Underfull \hbox (badness 10000) in paragraph at lines 4768--4771

 []


Underfull \hbox (badness 10000) in paragraph at lines 4772--4777

 []



LaTeX Info: Redefining \. on input line 4777.
LaTeX Info: Redefining \% on input line 4777.
[108]
Underfull \hbox (badness 10000) in paragraph at lines 4780--4786

 []


Underfull \hbox (badness 10000) in paragraph at lines 4787--4789

 []


Underfull \hbox (badness 10000) in paragraph at lines 4790--4795

 []


Underfull \hbox (badness 10000) in paragraph at lines 4796--4801

 []


Underfull \hbox (badness 10000) in paragraph at lines 4802--4806

 []


Underfull \hbox (badness 10000) in paragraph at lines 4807--4810

 []



LaTeX Info: Redefining \. on input line 4810.
LaTeX Info: Redefining \% on input line 4810.
[109]
Underfull \hbox (badness 10000) in paragraph at lines 4811--4819

 []


Underfull \hbox (badness 10000) in paragraph at lines 4820--4829

 []


Underfull \hbox (badness 10000) in paragraph at lines 4830--4838

 []


Underfull \hbox (badness 10000) in paragraph at lines 4839--4845

 []



LaTeX Info: Redefining \. on input line 4846.
LaTeX Info: Redefining \% on input line 4846.
[110]
Underfull \hbox (badness 10000) in paragraph at lines 4846--4852

 []


Underfull \hbox (badness 10000) in paragraph at lines 4866--4868

 []


Underfull \hbox (badness 10000) in paragraph at lines 4897--4902

 []



LaTeX Info: Redefining \. on input line 4904.
LaTeX Info: Redefining \% on input line 4904.
[111]
Underfull \hbox (badness 10000) in paragraph at lines 4957--4959

 []



LaTeX Info: Redefining \. on input line 4959.
LaTeX Info: Redefining \% on input line 4959.
[112]
Underfull \hbox (badness 10000) in paragraph at lines 4960--4962

 []


Underfull \hbox (badness 10000) in paragraph at lines 5004--5008

 []


Underfull \hbox (badness 10000) in paragraph at lines 5009--5015

 []



LaTeX Info: Redefining \. on input line 5015.
LaTeX Info: Redefining \% on input line 5015.
[113]
<Images/7.png, id=1244, 416.55624pt x 232.87pt>
File: Images/7.png Graphic file (type png)
<use Images/7.png>
Package pdftex.def Info: Images/7.png  used on input line 5029.
(pdftex.def)             Requested size: 172.5pt x 96.43315pt.

Underfull \hbox (badness 10000) in paragraph at lines 5038--5048

 []



LaTeX Info: Redefining \. on input line 5048.
LaTeX Info: Redefining \% on input line 5048.
[114 <./Images/7.png>]
Underfull \hbox (badness 10000) in paragraph at lines 5049--5057

 []


Underfull \hbox (badness 10000) in paragraph at lines 5058--5066

 []



LaTeX Info: Redefining \. on input line 5069.
LaTeX Info: Redefining \% on input line 5069.
[115]

LaTeX Info: Redefining \. on input line 5069.
LaTeX Info: Redefining \% on input line 5069.
[116

]
Underfull \hbox (badness 10000) in paragraph at lines 5071--5072

 []


Underfull \hbox (badness 10000) in paragraph at lines 5073--5074

 []


Underfull \hbox (badness 10000) in paragraph at lines 5075--5076

 []


Underfull \hbox (badness 10000) in paragraph at lines 5077--5078

 []


Underfull \hbox (badness 10000) in paragraph at lines 5079--5080

 []


Underfull \hbox (badness 10000) in paragraph at lines 5081--5082

 []


Underfull \hbox (badness 10000) in paragraph at lines 5083--5084

 []


Underfull \hbox (badness 10000) in paragraph at lines 5085--5086

 []


Underfull \hbox (badness 10000) in paragraph at lines 5087--5088

 []


Underfull \hbox (badness 10000) in paragraph at lines 5089--5090

 []



[117] (%OUTDIR%/main.aux
LaTeX Info: Redefining \. on input line 11.
LaTeX Info: Redefining \% on input line 11.
)
 ***********
LaTeX2e <2024-11-01> patch level 2
L3 programming layer <2025-01-18>
 ***********
Package rerunfilecheck Info: File `main.out' has not changed.
(rerunfilecheck)             Checksum: 33FB71514C2F92C1E7947E27B16970D6;14982.
 ) 
Here is how much of TeX's memory you used:
 23461 strings out of 473190
 432498 string characters out of 5715800
 821647 words of memory out of 5000000
 45852 multiletter control sequences out of 15000+600000
 573309 words of font info for 92 fonts, out of 8000000 for 9000
 1141 hyphenation exceptions out of 8191
 84i,18n,91p,1601b,779s stack positions out of 10000i,1000n,20000p,200000b,200000s
</usr/local/texlive/2025/texmf-dist/fonts/type1/public/amsfonts/cm/cmbx10.pfb></usr/local/texlive/2025/texmf-dist/fonts/type1/public/amsfonts/cm/cmbx12.pfb></usr/local/texlive/2025/texmf-dist/fonts/type1/public/amsfonts/cm/cmbx8.pfb></usr/local/texlive/2025/texmf-dist/fonts/type1/public/amsfonts/cm/cmbxti10.pfb></usr/local/texlive/2025/texmf-dist/fonts/type1/public/amsfonts/cm/cmex10.pfb></usr/local/texlive/2025/texmf-dist/fonts/type1/public/amsfonts/cm/cmmi10.pfb></usr/local/texlive/2025/texmf-dist/fonts/type1/public/amsfonts/cm/cmmi12.pfb></usr/local/texlive/2025/texmf-dist/fonts/type1/public/amsfonts/cm/cmmi5.pfb></usr/local/texlive/2025/texmf-dist/fonts/type1/public/amsfonts/cm/cmmi6.pfb></usr/local/texlive/2025/texmf-dist/fonts/type1/public/amsfonts/cm/cmmi7.pfb></usr/local/texlive/2025/texmf-dist/fonts/type1/public/amsfonts/cm/cmmi8.pfb></usr/local/texlive/2025/texmf-dist/fonts/type1/public/amsfonts/cm/cmr10.pfb></usr/local/texlive/2025/texmf-dist/fonts/type1/public/amsfonts/cm/cmr12.pfb></usr/local/texlive/2025/texmf-dist/fonts/type1/public/amsfonts/cm/cmr17.pfb></usr/local/texlive/2025/texmf-dist/fonts/type1/public/amsfonts/cm/cmr5.pfb></usr/local/texlive/2025/texmf-dist/fonts/type1/public/amsfonts/cm/cmr6.pfb></usr/local/texlive/2025/texmf-dist/fonts/type1/public/amsfonts/cm/cmr7.pfb></usr/local/texlive/2025/texmf-dist/fonts/type1/public/amsfonts/cm/cmr8.pfb></usr/local/texlive/2025/texmf-dist/fonts/type1/public/amsfonts/cm/cmsl10.pfb></usr/local/texlive/2025/texmf-dist/fonts/type1/public/amsfonts/cm/cmsy10.pfb></usr/local/texlive/2025/texmf-dist/fonts/type1/public/amsfonts/cm/cmsy5.pfb></usr/local/texlive/2025/texmf-dist/fonts/type1/public/amsfonts/cm/cmsy7.pfb></usr/local/texlive/2025/texmf-dist/fonts/type1/public/amsfonts/cm/cmsy8.pfb></usr/local/texlive/2025/texmf-dist/fonts/type1/public/amsfonts/cm/cmti10.pfb></usr/local/texlive/2025/texmf-dist/fonts/type1/public/amsfonts/cm/cmti7.pfb></usr/local/texlive/2025/texmf-dist/fonts/type1/public/amsfonts/symbols/msbm10.pfb></usr/local/texlive/2025/texmf-dist/fonts/type1/public/amsfonts/symbols/msbm7.pfb></usr/local/texlive/2025/texmf-dist/fonts/type1/public/rsfs/rsfs10.pfb>
Output written on %OUTDIR%/main.pdf (117 pages, 847642 bytes).
PDF statistics:
 1490 PDF objects out of 1728 (max. 8388607)
 1286 compressed objects within 13 object streams
 498 named destinations out of 1000 (max. 500000)
 557 words of extra memory for PDF output out of 10000 (max. 10000000)

