This is pdfTeX, Version 3.141592653-2.6-1.40.26 (TeX Live 2024) (preloaded format=pdflatex 2024.7.20)  16 JUN 2025 14:04
entering extended mode
 restricted \write18 enabled.
 file:line:error style messages enabled.
 %&-line parsing enabled.
**"/Users/niconash/Repositories/Tesis/1. LaTeX/main.tex"
(/Users/niconash/Repositories/Tesis/1. LaTeX/main.tex
LaTeX2e <2023-11-01> patch level 1
L3 programming layer <2024-02-20>
(/usr/local/texlive/2024/texmf-dist/tex/latex/base/report.cls
Document Class: report 2023/05/17 v1.4n Standard LaTeX document class
(/usr/local/texlive/2024/texmf-dist/tex/latex/base/size10.clo
File: size10.clo 2023/05/17 v1.4n Standard LaTeX file (size option)
)
\c@part=\count188
\c@chapter=\count189
\c@section=\count190
\c@subsection=\count191
\c@subsubsection=\count192
\c@paragraph=\count193
\c@subparagraph=\count194
\c@figure=\count195
\c@table=\count196
\abovecaptionskip=\skip48
\belowcaptionskip=\skip49
\bibindent=\dimen140
) (/usr/local/texlive/2024/texmf-dist/tex/latex/graphics/graphicx.sty
Package: graphicx 2021/09/16 v1.2d Enhanced LaTeX Graphics (DPC,SPQR)
 (/usr/local/texlive/2024/texmf-dist/tex/latex/graphics/keyval.sty
Package: keyval 2022/05/29 v1.15 key=value parser (DPC)
\KV@toks@=\toks17
) (/usr/local/texlive/2024/texmf-dist/tex/latex/graphics/graphics.sty
Package: graphics 2022/03/10 v1.4e Standard LaTeX Graphics (DPC,SPQR)
 (/usr/local/texlive/2024/texmf-dist/tex/latex/graphics/trig.sty
Package: trig 2021/08/11 v1.11 sin cos tan (DPC)
) (/usr/local/texlive/2024/texmf-dist/tex/latex/graphics-cfg/graphics.cfg
File: graphics.cfg 2016/06/04 v1.11 sample graphics configuration
)
Package graphics Info: Driver file: pdftex.def on input line 107.
 (/usr/local/texlive/2024/texmf-dist/tex/latex/graphics-def/pdftex.def
File: pdftex.def 2022/09/22 v1.2b Graphics/color driver for pdftex
))
\Gin@req@height=\dimen141
\Gin@req@width=\dimen142
) (/usr/local/texlive/2024/texmf-dist/tex/generic/babel/babel.sty
Package: babel 2024/02/07 v24.2 The Babel package
\babel@savecnt=\count197
\U@D=\dimen143
\l@unhyphenated=\language89
 (/usr/local/texlive/2024/texmf-dist/tex/generic/babel/txtbabel.def)
\bbl@readstream=\read2
\bbl@dirlevel=\count198
 (/usr/local/texlive/2024/texmf-dist/tex/generic/babel-spanish/spanish.ldf
Language: spanish.ldf 2021/05/27 v5.0q Spanish support from the babel system
\es@quottoks=\toks18
\es@quotdepth=\count199
Package babel Info: Making " an active character on input line 570.
Package babel Info: Making . an active character on input line 675.
Package babel Info: Making < an active character on input line 722.
Package babel Info: Making > an active character on input line 722.
)) (/usr/local/texlive/2024/texmf-dist/tex/generic/babel/locale/es/babel-spanish.tex
Package babel Info: Importing font and identification data for spanish
(babel)             from babel-es.ini. Reported on input line 11.
) (/usr/local/texlive/2024/texmf-dist/tex/latex/base/inputenc.sty
Package: inputenc 2021/02/14 v1.3d Input encoding file
\inpenc@prehook=\toks19
\inpenc@posthook=\toks20
) (/usr/local/texlive/2024/texmf-dist/tex/latex/amscls/amsthm.sty
Package: amsthm 2020/05/29 v2.20.6
\thm@style=\toks21
\thm@bodyfont=\toks22
\thm@headfont=\toks23
\thm@notefont=\toks24
\thm@headpunct=\toks25
\thm@preskip=\skip50
\thm@postskip=\skip51
\thm@headsep=\skip52
\dth@everypar=\toks26
) (/usr/local/texlive/2024/texmf-dist/tex/latex/amsmath/amsmath.sty
Package: amsmath 2023/05/13 v2.17o AMS math features
\@mathmargin=\skip53

For additional information on amsmath, use the `?' option.
(/usr/local/texlive/2024/texmf-dist/tex/latex/amsmath/amstext.sty
Package: amstext 2021/08/26 v2.01 AMS text
 (/usr/local/texlive/2024/texmf-dist/tex/latex/amsmath/amsgen.sty
File: amsgen.sty 1999/11/30 v2.0 generic functions
\@emptytoks=\toks27
\ex@=\dimen144
)) (/usr/local/texlive/2024/texmf-dist/tex/latex/amsmath/amsbsy.sty
Package: amsbsy 1999/11/29 v1.2d Bold Symbols
\pmbraise@=\dimen145
) (/usr/local/texlive/2024/texmf-dist/tex/latex/amsmath/amsopn.sty
Package: amsopn 2022/04/08 v2.04 operator names
)
\inf@bad=\count266
LaTeX Info: Redefining \frac on input line 234.
\uproot@=\count267
\leftroot@=\count268
LaTeX Info: Redefining \overline on input line 399.
LaTeX Info: Redefining \colon on input line 410.
\classnum@=\count269
\DOTSCASE@=\count270
LaTeX Info: Redefining \ldots on input line 496.
LaTeX Info: Redefining \dots on input line 499.
LaTeX Info: Redefining \cdots on input line 620.
\Mathstrutbox@=\box51
\strutbox@=\box52
LaTeX Info: Redefining \big on input line 722.
LaTeX Info: Redefining \Big on input line 723.
LaTeX Info: Redefining \bigg on input line 724.
LaTeX Info: Redefining \Bigg on input line 725.
\big@size=\dimen146
LaTeX Font Info:    Redeclaring font encoding OML on input line 743.
LaTeX Font Info:    Redeclaring font encoding OMS on input line 744.
\macc@depth=\count271
LaTeX Info: Redefining \bmod on input line 905.
LaTeX Info: Redefining \pmod on input line 910.
LaTeX Info: Redefining \smash on input line 940.
LaTeX Info: Redefining \relbar on input line 970.
LaTeX Info: Redefining \Relbar on input line 971.
\c@MaxMatrixCols=\count272
\dotsspace@=\muskip16
\c@parentequation=\count273
\dspbrk@lvl=\count274
\tag@help=\toks28
\row@=\count275
\column@=\count276
\maxfields@=\count277
\andhelp@=\toks29
\eqnshift@=\dimen147
\alignsep@=\dimen148
\tagshift@=\dimen149
\tagwidth@=\dimen150
\totwidth@=\dimen151
\lineht@=\dimen152
\@envbody=\toks30
\multlinegap=\skip54
\multlinetaggap=\skip55
\mathdisplay@stack=\toks31
LaTeX Info: Redefining \[ on input line 2953.
LaTeX Info: Redefining \] on input line 2954.
) (/usr/local/texlive/2024/texmf-dist/tex/latex/amsfonts/amsfonts.sty
Package: amsfonts 2013/01/14 v3.01 Basic AMSFonts support
\symAMSa=\mathgroup4
\symAMSb=\mathgroup5
LaTeX Font Info:    Redeclaring math symbol \hbar on input line 98.
LaTeX Font Info:    Overwriting math alphabet `\mathfrak' in version `bold'
(Font)                  U/euf/m/n --> U/euf/b/n on input line 106.
) (/usr/local/texlive/2024/texmf-dist/tex/latex/hyperref/hyperref.sty
Package: hyperref 2024-01-20 v7.01h Hypertext links for LaTeX
 (/usr/local/texlive/2024/texmf-dist/tex/generic/iftex/iftex.sty
Package: iftex 2022/02/03 v1.0f TeX engine tests
) (/usr/local/texlive/2024/texmf-dist/tex/latex/kvsetkeys/kvsetkeys.sty
Package: kvsetkeys 2022-10-05 v1.19 Key value parser (HO)
) (/usr/local/texlive/2024/texmf-dist/tex/generic/kvdefinekeys/kvdefinekeys.sty
Package: kvdefinekeys 2019-12-19 v1.6 Define keys (HO)
) (/usr/local/texlive/2024/texmf-dist/tex/generic/pdfescape/pdfescape.sty
Package: pdfescape 2019/12/09 v1.15 Implements pdfTeX's escape features (HO)
 (/usr/local/texlive/2024/texmf-dist/tex/generic/ltxcmds/ltxcmds.sty
Package: ltxcmds 2023-12-04 v1.26 LaTeX kernel commands for general use (HO)
) (/usr/local/texlive/2024/texmf-dist/tex/generic/pdftexcmds/pdftexcmds.sty
Package: pdftexcmds 2020-06-27 v0.33 Utility functions of pdfTeX for LuaTeX (HO)
 (/usr/local/texlive/2024/texmf-dist/tex/generic/infwarerr/infwarerr.sty
Package: infwarerr 2019/12/03 v1.5 Providing info/warning/error messages (HO)
)
Package pdftexcmds Info: \pdf@primitive is available.
Package pdftexcmds Info: \pdf@ifprimitive is available.
Package pdftexcmds Info: \pdfdraftmode found.
)) (/usr/local/texlive/2024/texmf-dist/tex/latex/hycolor/hycolor.sty
Package: hycolor 2020-01-27 v1.10 Color options for hyperref/bookmark (HO)
) (/usr/local/texlive/2024/texmf-dist/tex/latex/auxhook/auxhook.sty
Package: auxhook 2019-12-17 v1.6 Hooks for auxiliary files (HO)
) (/usr/local/texlive/2024/texmf-dist/tex/latex/hyperref/nameref.sty
Package: nameref 2023-11-26 v2.56 Cross-referencing by name of section
 (/usr/local/texlive/2024/texmf-dist/tex/latex/refcount/refcount.sty
Package: refcount 2019/12/15 v3.6 Data extraction from label references (HO)
) (/usr/local/texlive/2024/texmf-dist/tex/generic/gettitlestring/gettitlestring.sty
Package: gettitlestring 2019/12/15 v1.6 Cleanup title references (HO)
 (/usr/local/texlive/2024/texmf-dist/tex/latex/kvoptions/kvoptions.sty
Package: kvoptions 2022-06-15 v3.15 Key value format for package options (HO)
))
\c@section@level=\count278
) (/usr/local/texlive/2024/texmf-dist/tex/latex/etoolbox/etoolbox.sty
Package: etoolbox 2020/10/05 v2.5k e-TeX tools for LaTeX (JAW)
\etb@tempcnta=\count279
)
\@linkdim=\dimen153
\Hy@linkcounter=\count280
\Hy@pagecounter=\count281
 (/usr/local/texlive/2024/texmf-dist/tex/latex/hyperref/pd1enc.def
File: pd1enc.def 2024-01-20 v7.01h Hyperref: PDFDocEncoding definition (HO)
Now handling font encoding PD1 ...
... no UTF-8 mapping file for font encoding PD1
) (/usr/local/texlive/2024/texmf-dist/tex/generic/intcalc/intcalc.sty
Package: intcalc 2019/12/15 v1.3 Expandable calculations with integers (HO)
)
\Hy@SavedSpaceFactor=\count282
 (/usr/local/texlive/2024/texmf-dist/tex/latex/hyperref/puenc.def
File: puenc.def 2024-01-20 v7.01h Hyperref: PDF Unicode definition (HO)
Now handling font encoding PU ...
... no UTF-8 mapping file for font encoding PU
)
Package hyperref Info: Hyper figures OFF on input line 4179.
Package hyperref Info: Link nesting OFF on input line 4184.
Package hyperref Info: Hyper index ON on input line 4187.
Package hyperref Info: Plain pages OFF on input line 4194.
Package hyperref Info: Backreferencing OFF on input line 4199.
Package hyperref Info: Implicit mode ON; LaTeX internals redefined.
Package hyperref Info: Bookmarks ON on input line 4446.
\c@Hy@tempcnt=\count283
 (/usr/local/texlive/2024/texmf-dist/tex/latex/url/url.sty
\Urlmuskip=\muskip17
Package: url 2013/09/16  ver 3.4  Verb mode for urls, etc.
)
LaTeX Info: Redefining \url on input line 4784.
\XeTeXLinkMargin=\dimen154
 (/usr/local/texlive/2024/texmf-dist/tex/generic/bitset/bitset.sty
Package: bitset 2019/12/09 v1.3 Handle bit-vector datatype (HO)
 (/usr/local/texlive/2024/texmf-dist/tex/generic/bigintcalc/bigintcalc.sty
Package: bigintcalc 2019/12/15 v1.5 Expandable calculations on big integers (HO)
))
\Fld@menulength=\count284
\Field@Width=\dimen155
\Fld@charsize=\dimen156
Package hyperref Info: Hyper figures OFF on input line 6063.
Package hyperref Info: Link nesting OFF on input line 6068.
Package hyperref Info: Hyper index ON on input line 6071.
Package hyperref Info: backreferencing OFF on input line 6078.
Package hyperref Info: Link coloring OFF on input line 6083.
Package hyperref Info: Link coloring with OCG OFF on input line 6088.
Package hyperref Info: PDF/A mode OFF on input line 6093.
 (/usr/local/texlive/2024/texmf-dist/tex/latex/base/atbegshi-ltx.sty
Package: atbegshi-ltx 2021/01/10 v1.0c Emulation of the original atbegshi
package with kernel methods
)
\Hy@abspage=\count285
\c@Item=\count286
\c@Hfootnote=\count287
)
Package hyperref Info: Driver (autodetected): hpdftex.
 (/usr/local/texlive/2024/texmf-dist/tex/latex/hyperref/hpdftex.def
File: hpdftex.def 2024-01-20 v7.01h Hyperref driver for pdfTeX
 (/usr/local/texlive/2024/texmf-dist/tex/latex/base/atveryend-ltx.sty
Package: atveryend-ltx 2020/08/19 v1.0a Emulation of the original atveryend package
with kernel methods
)
\Fld@listcount=\count288
\c@bookmark@seq@number=\count289
 (/usr/local/texlive/2024/texmf-dist/tex/latex/rerunfilecheck/rerunfilecheck.sty
Package: rerunfilecheck 2022-07-10 v1.10 Rerun checks for auxiliary files (HO)
 (/usr/local/texlive/2024/texmf-dist/tex/generic/uniquecounter/uniquecounter.sty
Package: uniquecounter 2019/12/15 v1.4 Provide unlimited unique counter (HO)
)
Package uniquecounter Info: New unique counter `rerunfilecheck' on input line 285.
)
\Hy@SectionHShift=\skip56
) (/usr/local/texlive/2024/texmf-dist/tex/latex/jknapltx/mathrsfs.sty
Package: mathrsfs 1996/01/01 Math RSFS package v1.0 (jk)
\symrsfs=\mathgroup6
) (/usr/local/texlive/2024/texmf-dist/tex/latex/caption/caption.sty
Package: caption 2023/08/05 v3.6o Customizing captions (AR)
 (/usr/local/texlive/2024/texmf-dist/tex/latex/caption/caption3.sty
Package: caption3 2023/07/31 v2.4d caption3 kernel (AR)
\caption@tempdima=\dimen157
\captionmargin=\dimen158
\caption@leftmargin=\dimen159
\caption@rightmargin=\dimen160
\caption@width=\dimen161
\caption@indent=\dimen162
\caption@parindent=\dimen163
\caption@hangindent=\dimen164
Package caption Info: Standard document class detected.
)
\c@caption@flags=\count290
\c@continuedfloat=\count291
Package caption Info: hyperref package is loaded.
)
\c@thm=\count292
\c@lem=\count293
\c@prop=\count294
\c@cor=\count295
\c@dfn=\count296
\c@obs=\count297
\c@ej=\count298
 (/usr/local/texlive/2024/texmf-dist/tex/latex/l3backend/l3backend-pdftex.def
File: l3backend-pdftex.def 2024-02-20 L3 backend support: PDF output (pdfTeX)
\l__color_backend_stack_int=\count299
\l__pdf_internal_box=\box53
) (./main.aux
LaTeX Info: Redefining \. on input line 11.
LaTeX Info: Redefining \% on input line 11.
)
\openout1 = `main.aux'.

LaTeX Font Info:    Checking defaults for OML/cmm/m/it on input line 24.
LaTeX Font Info:    ... okay on input line 24.
LaTeX Font Info:    Checking defaults for OMS/cmsy/m/n on input line 24.
LaTeX Font Info:    ... okay on input line 24.
LaTeX Font Info:    Checking defaults for OT1/cmr/m/n on input line 24.
LaTeX Font Info:    ... okay on input line 24.
LaTeX Font Info:    Checking defaults for T1/cmr/m/n on input line 24.
LaTeX Font Info:    ... okay on input line 24.
LaTeX Font Info:    Checking defaults for TS1/cmr/m/n on input line 24.
LaTeX Font Info:    ... okay on input line 24.
LaTeX Font Info:    Checking defaults for OMX/cmex/m/n on input line 24.
LaTeX Font Info:    ... okay on input line 24.
LaTeX Font Info:    Checking defaults for U/cmr/m/n on input line 24.
LaTeX Font Info:    ... okay on input line 24.
LaTeX Font Info:    Checking defaults for PD1/pdf/m/n on input line 24.
LaTeX Font Info:    ... okay on input line 24.
LaTeX Font Info:    Checking defaults for PU/pdf/m/n on input line 24.
LaTeX Font Info:    ... okay on input line 24.
 (/usr/local/texlive/2024/texmf-dist/tex/context/base/mkii/supp-pdf.mkii
[Loading MPS to PDF converter (version 2006.09.02).]
\scratchcounter=\count300
\scratchdimen=\dimen165
\scratchbox=\box54
\nofMPsegments=\count301
\nofMParguments=\count302
\everyMPshowfont=\toks32
\MPscratchCnt=\count303
\MPscratchDim=\dimen166
\MPnumerator=\count304
\makeMPintoPDFobject=\count305
\everyMPtoPDFconversion=\toks33
) (/usr/local/texlive/2024/texmf-dist/tex/latex/epstopdf-pkg/epstopdf-base.sty
Package: epstopdf-base 2020-01-24 v2.11 Base part for package epstopdf
Package epstopdf-base Info: Redefining graphics rule for `.eps' on input line 485.
 (/usr/local/texlive/2024/texmf-dist/tex/latex/latexconfig/epstopdf-sys.cfg
File: epstopdf-sys.cfg 2010/07/13 v1.3 Configuration of (r)epstopdf for TeX Live
))
LaTeX Info: Redefining \. on input line 24.
LaTeX Info: Redefining \% on input line 24.
Package hyperref Info: Link coloring OFF on input line 24.
 (./main.out) (./main.out)
\@outlinefile=\write3
\openout3 = `main.out'.

Package caption Info: Begin \AtBeginDocument code.
Package caption Info: End \AtBeginDocument code.
LaTeX Font Info:    Trying to load font information for U+msa on input line 31.
 (/usr/local/texlive/2024/texmf-dist/tex/latex/amsfonts/umsa.fd
File: umsa.fd 2013/01/14 v3.01 AMS symbols A
)
LaTeX Font Info:    Trying to load font information for U+msb on input line 31.
 (/usr/local/texlive/2024/texmf-dist/tex/latex/amsfonts/umsb.fd
File: umsb.fd 2013/01/14 v3.01 AMS symbols B
)
LaTeX Font Info:    Trying to load font information for U+rsfs on input line 31.
 (/usr/local/texlive/2024/texmf-dist/tex/latex/jknapltx/ursfs.fd
File: ursfs.fd 1998/03/24 rsfs font definition file (jk)
) [1

{/usr/local/texlive/2024/texmf-var/fonts/map/pdftex/updmap/pdftex.map}] (./main.toc
LaTeX Info: Redefining \. on input line 1.
LaTeX Info: Redefining \% on input line 1.

Overfull \hbox (0.11488pt too wide) in paragraph at lines 12--12
 [] [][]\OT1/cmr/bx/n/10 Un acer-ca-mien-to amis-to-so a la Teor^^S^^Pa del Apren-di-za-je Es-tad^^S^^Psti- 
 []


pdfTeX warning (ext4): destination with the same identifier (name{page.1}) has been already used, duplicate ignored
<to be read again> 
                   \relax 
l.33 ...umberline {3}La Teoría VC}{50}{chapter.3}
                                                  % [1

])
\tf@toc=\write4
\openout4 = `main.toc'.

 [2]
Cap\'{\i }tulo 1.
[3

] [4]
Overfull \hbox (12.97568pt too wide) in paragraph at lines 177--178
[]\OT1/cmr/bx/n/10 Definici^^Son 1.1.10. \OT1/cmr/m/it/10 An^^Salo-ga-men-te, di-re-mos que una su-ce-si^^Son de con-jun-tos $\OMS/cmsy/m/n/10 f\OML/cmm/m/it/10 A[]\OMS/cmsy/m/n/10 g[]$
 []

[5] [6] [7] [8]

Package amsmath Warning: Foreign command \atopwithdelims;
(amsmath)                \frac or \genfrac should be used instead
(amsmath)                 on input line 454.

[9] [10] [11] [12] [13]
Cap\'{\i }tulo 2.

Underfull \hbox (badness 10000) in paragraph at lines 753--758

 []


Underfull \hbox (badness 10000) in paragraph at lines 759--762

 []


Underfull \hbox (badness 10000) in paragraph at lines 764--768

 []


Underfull \hbox (badness 10000) in paragraph at lines 769--775

 []

[14

]
Underfull \hbox (badness 10000) in paragraph at lines 776--784

 []


Underfull \hbox (badness 10000) in paragraph at lines 787--792

 []

[15]
Underfull \hbox (badness 10000) in paragraph at lines 800--802

 []


Underfull \hbox (badness 10000) in paragraph at lines 807--813

 []

[16] [17] [18]
Underfull \hbox (badness 10000) in paragraph at lines 909--912

 []


Underfull \hbox (badness 10000) in paragraph at lines 913--915

 []


Underfull \hbox (badness 10000) in paragraph at lines 918--919

 []


Underfull \hbox (badness 10000) in paragraph at lines 920--923

 []


Underfull \hbox (badness 10000) in paragraph at lines 944--947

 []

[19]
Underfull \hbox (badness 10000) in paragraph at lines 956--960

 []


Underfull \hbox (badness 10000) in paragraph at lines 964--968

 []


Underfull \hbox (badness 10000) in paragraph at lines 979--984

 []

[20]
Underfull \hbox (badness 10000) in paragraph at lines 1003--1011

 []


Underfull \hbox (badness 10000) in paragraph at lines 1012--1016

 []

[21] [22]
Underfull \hbox (badness 10000) in paragraph at lines 1064--1071

 []


Underfull \hbox (badness 10000) in paragraph at lines 1072--1078

 []


Underfull \hbox (badness 10000) in paragraph at lines 1079--1082

 []


Underfull \hbox (badness 10000) in paragraph at lines 1083--1086

 []


Underfull \hbox (badness 10000) in paragraph at lines 1087--1093

 []

[23]
Underfull \hbox (badness 10000) in paragraph at lines 1097--1100

 []


Underfull \hbox (badness 10000) in paragraph at lines 1102--1106

 []

<Images/1.png, id=489, 268.00125pt x 244.915pt>
File: Images/1.png Graphic file (type png)
<use Images/1.png>
Package pdftex.def Info: Images/1.png  used on input line 1109.
(pdftex.def)             Requested size: 172.5pt x 157.63821pt.

Underfull \hbox (badness 10000) in paragraph at lines 1114--1121

 []

[24 <./Images/1.png>]
Underfull \hbox (badness 10000) in paragraph at lines 1123--1130

 []


Underfull \hbox (badness 10000) in paragraph at lines 1132--1143

 []


Underfull \hbox (badness 10000) in paragraph at lines 1144--1155

 []

[25]
Underfull \hbox (badness 10000) in paragraph at lines 1156--1167

 []


Underfull \hbox (badness 10000) in paragraph at lines 1191--1196

 []

[26]
<Images/2.png, id=509, 587.19376pt x 572.1375pt>
File: Images/2.png Graphic file (type png)
<use Images/2.png>
Package pdftex.def Info: Images/2.png  used on input line 1199.
(pdftex.def)             Requested size: 172.5pt x 168.07196pt.

Underfull \hbox (badness 10000) in paragraph at lines 1211--1218

 []


Underfull \hbox (badness 10000) in paragraph at lines 1219--1222

 []

[27 <./Images/2.png>]
Underfull \hbox (badness 10000) in paragraph at lines 1227--1238

 []

<Images/3.png, id=518, 588.1975pt x 409.53pt>
File: Images/3.png Graphic file (type png)
<use Images/3.png>
Package pdftex.def Info: Images/3.png  used on input line 1241.
(pdftex.def)             Requested size: 172.5pt x 120.09792pt.

Underfull \hbox (badness 10000) in paragraph at lines 1251--1258

 []

[28 <./Images/3.png>]
Underfull \hbox (badness 10000) in paragraph at lines 1260--1263

 []


Package hyperref Warning: Token not allowed in a PDF string (Unicode):
(hyperref)                removing `math shift' on input line 1264.


Package hyperref Warning: Token not allowed in a PDF string (Unicode):
(hyperref)                removing `math shift' on input line 1264.


Underfull \hbox (badness 10000) in paragraph at lines 1266--1273

 []


Underfull \hbox (badness 10000) in paragraph at lines 1274--1284

 []


Underfull \hbox (badness 10000) in paragraph at lines 1296--1298

 []

[29]
Underfull \hbox (badness 10000) in paragraph at lines 1305--1308

 []


Underfull \hbox (badness 10000) in paragraph at lines 1342--1345

 []

[30]
Underfull \hbox (badness 10000) in paragraph at lines 1404--1409

 []

[31]
Underfull \hbox (badness 10000) in paragraph at lines 1410--1413

 []


Underfull \hbox (badness 10000) in paragraph at lines 1416--1420

 []


Underfull \hbox (badness 10000) in paragraph at lines 1422--1425

 []


Underfull \hbox (badness 10000) in paragraph at lines 1426--1437

 []

[32]
Underfull \hbox (badness 10000) in paragraph at lines 1458--1460

 []


Underfull \hbox (badness 10000) in paragraph at lines 1461--1467

 []

[33]
Underfull \hbox (badness 10000) in paragraph at lines 1511--1514

 []


Underfull \hbox (badness 10000) in paragraph at lines 1522--1523

 []


Underfull \hbox (badness 10000) in paragraph at lines 1535--1537

 []

[34]
Underfull \hbox (badness 10000) in paragraph at lines 1538--1548

 []


Underfull \hbox (badness 10000) in paragraph at lines 1549--1556

 []

[35]
Underfull \hbox (badness 10000) in paragraph at lines 1582--1587

 []


Underfull \hbox (badness 10000) in paragraph at lines 1588--1597

 []


Underfull \hbox (badness 10000) in paragraph at lines 1605--1614

 []

[36]
<Images/4.png, id=570, 388.45125pt x 255.95625pt>
File: Images/4.png Graphic file (type png)
<use Images/4.png>
Package pdftex.def Info: Images/4.png  used on input line 1627.
(pdftex.def)             Requested size: 276.00105pt x 181.8669pt.
 [37 <./Images/4.png>]
Underfull \hbox (badness 10000) in paragraph at lines 1693--1696

 []


Underfull \hbox (badness 10000) in paragraph at lines 1703--1707

 []


Underfull \hbox (badness 10000) in paragraph at lines 1708--1712

 []

[38]
Underfull \hbox (badness 10000) in paragraph at lines 1720--1722

 []


Underfull \hbox (badness 10000) in paragraph at lines 1724--1728

 []


Underfull \hbox (badness 10000) in paragraph at lines 1741--1744

 []


Underfull \hbox (badness 10000) in paragraph at lines 1746--1751

 []


Underfull \hbox (badness 10000) in paragraph at lines 1754--1757

 []

[39]
Underfull \hbox (badness 10000) in paragraph at lines 1787--1791

 []


Underfull \hbox (badness 10000) in paragraph at lines 1792--1798

 []

[40]
Underfull \hbox (badness 10000) in paragraph at lines 1808--1813

 []


Underfull \hbox (badness 10000) in paragraph at lines 1814--1816

 []


Underfull \hbox (badness 10000) in paragraph at lines 1827--1828

 []


Overfull \hbox (3.74811pt too wide) in paragraph at lines 1830--1834
\OMS/cmsy/m/n/10 R\OT1/cmr/m/n/10 (\OML/cmm/m/it/10 f\OT1/cmr/m/n/10 ) \OMS/cmsy/m/n/10 ^^@ R[]\OT1/cmr/m/n/10 (\OML/cmm/m/it/10 f\OT1/cmr/m/n/10 )$ me-dian-te la di-fe-ren-cia en-tre ries-gos emp^^S^^Pri-cos $\OMS/cmsy/m/n/10 R[]\OT1/cmr/m/n/10 (\OML/cmm/m/it/10 f\OT1/cmr/m/n/10 )$ y $\OMS/cmsy/m/n/10 R[]\OT1/cmr/m/n/10 (\OML/cmm/m/it/10 f\OT1/cmr/m/n/10 )$
 []


Underfull \hbox (badness 10000) in paragraph at lines 1830--1834

 []

[41]
Underfull \hbox (badness 10000) in paragraph at lines 1846--1851

 []


Underfull \hbox (badness 10000) in paragraph at lines 1852--1853

 []


Underfull \hbox (badness 10000) in paragraph at lines 1854--1859

 []


Underfull \hbox (badness 10000) in paragraph at lines 1863--1868

 []


Overfull \hbox (11.26187pt too wide) in paragraph at lines 1870--1872
[]\OT1/cmr/bx/n/10 Definici^^Son 2.6.1. \OT1/cmr/m/it/10 Sean $\OMS/cmsy/m/n/10 F$ \OT1/cmr/m/it/10 una cla-se de fun-cio-nes y $\OML/cmm/m/it/10 Z[] \OT1/cmr/m/n/10 := \OMS/cmsy/m/n/10 f\OT1/cmr/m/n/10 (\OML/cmm/m/it/10 X[]; Y[]\OT1/cmr/m/n/10 )\OML/cmm/m/it/10 ; [] ; \OT1/cmr/m/n/10 (\OML/cmm/m/it/10 X[]; Y[]\OT1/cmr/m/n/10 )\OMS/cmsy/m/n/10 g$
 []


Overfull \hbox (3.21747pt too wide) in paragraph at lines 1885--1887
[]\OT1/cmr/bx/n/10 Definici^^Son 2.6.3. \OT1/cmr/m/it/10 Da-do un es-pa-cio mues-tral $\OML/cmm/m/it/10 X$ \OT1/cmr/m/it/10 y $\OML/cmm/m/it/10 Z[] \OT1/cmr/m/n/10 := \OMS/cmsy/m/n/10 f\OT1/cmr/m/n/10 (\OML/cmm/m/it/10 X[]; Y[]\OT1/cmr/m/n/10 )\OML/cmm/m/it/10 ; [] ; \OT1/cmr/m/n/10 (\OML/cmm/m/it/10 X[]; Y[]\OT1/cmr/m/n/10 )\OMS/cmsy/m/n/10 g$
 []

[42]
Underfull \hbox (badness 10000) in paragraph at lines 1893--1897

 []


Underfull \hbox (badness 10000) in paragraph at lines 1898--1904

 []


Underfull \hbox (badness 10000) in paragraph at lines 1905--1908

 []


Underfull \hbox (badness 10000) in paragraph at lines 1909--1912

 []

<Images/5.png, id=615, 963.6pt x 338.26375pt>
File: Images/5.png Graphic file (type png)
<use Images/5.png>
Package pdftex.def Info: Images/5.png  used on input line 1915.
(pdftex.def)             Requested size: 276.00105pt x 96.88618pt.

Underfull \hbox (badness 10000) in paragraph at lines 1921--1927

 []

[43 <./Images/5.png>]
Underfull \hbox (badness 10000) in paragraph at lines 1928--1936

 []


Underfull \hbox (badness 10000) in paragraph at lines 1939--1945

 []


Underfull \hbox (badness 10000) in paragraph at lines 1946--1951

 []

[44]
Underfull \hbox (badness 10000) in paragraph at lines 1961--1965

 []


Underfull \hbox (badness 10000) in paragraph at lines 1975--1979

 []


Overfull \hbox (33.55965pt too wide) detected at line 1987
\OML/cmm/m/it/10 P [] \OMS/cmsy/m/n/10 ^^T \OT1/cmr/m/n/10 2 \OMS/cmsy/m/n/10 ^^A \OT1/cmr/m/n/10 2[] [] [] = 2 [] [] \OML/cmm/m/it/10 :
 []

[45]
Underfull \hbox (badness 10000) in paragraph at lines 2005--2006

 []


Underfull \hbox (badness 10000) in paragraph at lines 2024--2026

 []


Underfull \hbox (badness 10000) in paragraph at lines 2027--2031

 []


Underfull \hbox (badness 10000) in paragraph at lines 2032--2039

 []


Underfull \hbox (badness 10000) in paragraph at lines 2040--2048

 []

[46]
Underfull \hbox (badness 10000) in paragraph at lines 2049--2056

 []


Underfull \hbox (badness 10000) in paragraph at lines 2057--2061

 []


Underfull \hbox (badness 10000) in paragraph at lines 2064--2070

 []


Underfull \hbox (badness 10000) in paragraph at lines 2071--2075

 []

[47]
Underfull \hbox (badness 10000) in paragraph at lines 2080--2082

 []


Underfull \hbox (badness 10000) in paragraph at lines 2084--2088

 []


Underfull \hbox (badness 10000) in paragraph at lines 2100--2105

 []


Underfull \hbox (badness 10000) in paragraph at lines 2106--2110

 []


Underfull \hbox (badness 10000) in paragraph at lines 2112--2114

 []


Underfull \hbox (badness 10000) in paragraph at lines 2116--2124

 []

[48] [49]
Cap\'{\i }tulo 3.

Underfull \hbox (badness 10000) in paragraph at lines 2128--2132

 []


Package hyperref Warning: Difference (2) between bookmark levels is greater 
(hyperref)                than one, level fixed on input line 2133.


Underfull \hbox (badness 10000) in paragraph at lines 2135--2138

 []


Underfull \hbox (badness 10000) in paragraph at lines 2146--2147

 []

[50

]
Underfull \hbox (badness 10000) in paragraph at lines 2172--2173

 []


Underfull \hbox (badness 10000) in paragraph at lines 2179--2182

 []


Underfull \hbox (badness 10000) in paragraph at lines 2191--2195

 []

[51]
Underfull \hbox (badness 10000) in paragraph at lines 2238--2243

 []


Underfull \hbox (badness 10000) in paragraph at lines 2251--2253

 []


Underfull \hbox (badness 10000) in paragraph at lines 2279--2282

 []


Underfull \hbox (badness 10000) in paragraph at lines 2283--2287

 []

[52]
Underfull \hbox (badness 10000) in paragraph at lines 2288--2291

 []


Underfull \hbox (badness 10000) in paragraph at lines 2331--2332

 []


Underfull \hbox (badness 10000) in paragraph at lines 2336--2339

 []

[53]
Underfull \hbox (badness 10000) in paragraph at lines 2345--2347

 []


Underfull \hbox (badness 10000) in paragraph at lines 2362--2363

 []


Underfull \hbox (badness 10000) in paragraph at lines 2364--2365

 []

[54]
Underfull \hbox (badness 10000) in paragraph at lines 2413--2415

 []


Underfull \hbox (badness 10000) in paragraph at lines 2434--2439

 []

[55]
Underfull \hbox (badness 10000) in paragraph at lines 2468--2472

 []


Underfull \hbox (badness 10000) in paragraph at lines 2475--2479

 []


Underfull \hbox (badness 10000) in paragraph at lines 2486--2487

 []

[56] [57]
Underfull \hbox (badness 10000) in paragraph at lines 2587--2588

 []


Underfull \hbox (badness 10000) in paragraph at lines 2607--2608

 []

[58]
Underfull \hbox (badness 10000) in paragraph at lines 2624--2626

 []


Underfull \hbox (badness 10000) in paragraph at lines 2636--2637

 []

[59]
Underfull \hbox (badness 10000) in paragraph at lines 2667--2668

 []


Underfull \hbox (badness 10000) in paragraph at lines 2678--2679

 []


Underfull \hbox (badness 10000) in paragraph at lines 2710--2711

 []

[60]
Underfull \hbox (badness 10000) in paragraph at lines 2749--2750

 []


Underfull \hbox (badness 10000) in paragraph at lines 2792--2795

 []

[61]
Underfull \hbox (badness 10000) in paragraph at lines 2814--2815

 []


Underfull \hbox (badness 10000) in paragraph at lines 2822--2823

 []

[62]
Underfull \hbox (badness 10000) in paragraph at lines 2852--2853

 []


Underfull \hbox (badness 10000) in paragraph at lines 2863--2866

 []

[63]
Overfull \hbox (16.84203pt too wide) detected at line 2910
[][] \OT1/cmr/m/n/10 ^^A[](\OML/cmm/m/it/10 X[]; [] ; X[]; X[]; [] ; X[]\OT1/cmr/m/n/10 ) \OMS/cmsy/m/n/10 ^^T [][] \OT1/cmr/m/n/10 ^^A[](\OML/cmm/m/it/10 X[]; [] ; X[]\OT1/cmr/m/n/10 ) + [][] ^^A[](\OML/cmm/m/it/10 X[]; [] ; X[]\OT1/cmr/m/n/10 )\OML/cmm/m/it/10 :
 []


Underfull \hbox (badness 10000) in paragraph at lines 2910--2911

 []


Underfull \hbox (badness 10000) in paragraph at lines 2914--2916

 []


Underfull \hbox (badness 10000) in paragraph at lines 2925--2926

 []


Underfull \hbox (badness 10000) in paragraph at lines 2927--2928

 []


Underfull \hbox (badness 10000) in paragraph at lines 2936--2937

 []


Underfull \hbox (badness 10000) in paragraph at lines 2939--2940

 []

[64] [65]
Underfull \hbox (badness 10000) in paragraph at lines 3024--3025

 []

[66]
Underfull \hbox (badness 10000) in paragraph at lines 3088--3089

 []

[67]
Underfull \hbox (badness 10000) in paragraph at lines 3141--3144

 []

[68]
Underfull \hbox (badness 10000) in paragraph at lines 3172--3173

 []


Overfull \hbox (7.25081pt too wide) in paragraph at lines 3216--3217
[]\OT1/cmr/m/n/10 Por lo tan-to, se si-gue que $[][] \OML/cmm/m/it/10 P\OT1/cmr/m/n/10 (\OML/cmm/m/it/10 C\OT1/cmr/m/n/10 ) = 0$ y, en con-se-cuen-cia, $[][] \OML/cmm/m/it/10 P\OT1/cmr/m/n/10 (\OML/cmm/m/it/10 Q\OT1/cmr/m/n/10 ) =
 []


Underfull \hbox (badness 10000) in paragraph at lines 3216--3217

 []

[69] [70]
Overfull \hbox (25.51537pt too wide) detected at line 3298
\OML/cmm/m/it/10 P\OT1/cmr/m/n/10 (\OML/cmm/m/it/10 C[]\OT1/cmr/m/n/10 ) = [][] \OML/cmm/m/it/10 ^^R [] dP \OT1/cmr/m/n/10 = [][] [] [] \OML/cmm/m/it/10 ^^R [] dP
 []


Underfull \hbox (badness 10000) in paragraph at lines 3300--3301

 []


Underfull \hbox (badness 10000) in paragraph at lines 3308--3310

 []

[71]
Underfull \hbox (badness 10000) in paragraph at lines 3321--3325

 []


Underfull \hbox (badness 10000) in paragraph at lines 3346--3349

 []


Underfull \hbox (badness 10000) in paragraph at lines 3350--3353

 []

[72]
Underfull \hbox (badness 10000) in paragraph at lines 3410--3411

 []

[73]
Underfull \hbox (badness 10000) in paragraph at lines 3455--3456

 []

[74]
Cap\'{\i }tulo 4.

Underfull \hbox (badness 10000) in paragraph at lines 3471--3474

 []


Underfull \hbox (badness 10000) in paragraph at lines 3475--3476

 []


Underfull \hbox (badness 10000) in paragraph at lines 3490--3493

 []

[75

]
Underfull \hbox (badness 10000) in paragraph at lines 3503--3504

 []


Underfull \hbox (badness 10000) in paragraph at lines 3505--3512

 []


Underfull \hbox (badness 10000) in paragraph at lines 3519--3521

 []

[76]
<Images/6.png, id=876, 579.16376pt x 481.8pt>
File: Images/6.png Graphic file (type png)
<use Images/6.png>
Package pdftex.def Info: Images/6.png  used on input line 3548.
(pdftex.def)             Requested size: 172.5pt x 143.49718pt.

Underfull \hbox (badness 10000) in paragraph at lines 3564--3569

 []


Underfull \hbox (badness 10000) in paragraph at lines 3570--3572

 []

[77 <./Images/6.png>]
Underfull \hbox (badness 10000) in paragraph at lines 3590--3595

 []


Underfull \hbox (badness 10000) in paragraph at lines 3603--3607

 []


Underfull \hbox (badness 10000) in paragraph at lines 3608--3613

 []


Underfull \hbox (badness 10000) in paragraph at lines 3617--3621

 []

[78]
Underfull \hbox (badness 10000) in paragraph at lines 3622--3627

 []


Underfull \hbox (badness 10000) in paragraph at lines 3628--3634

 []


Underfull \hbox (badness 10000) in paragraph at lines 3635--3642

 []


Underfull \hbox (badness 10000) in paragraph at lines 3645--3650

 []


Underfull \hbox (badness 10000) in paragraph at lines 3658--3662

 []

[79]
Underfull \hbox (badness 10000) in paragraph at lines 3680--3682

 []


Underfull \hbox (badness 10000) in paragraph at lines 3709--3713

 []

[80]
Underfull \hbox (badness 10000) in paragraph at lines 3730--3733

 []


Underfull \hbox (badness 10000) in paragraph at lines 3746--3751

 []


Underfull \hbox (badness 10000) in paragraph at lines 3752--3757

 []


Underfull \hbox (badness 10000) in paragraph at lines 3758--3763

 []


Underfull \hbox (badness 10000) in paragraph at lines 3764--3770

 []

[81]
Underfull \hbox (badness 10000) in paragraph at lines 3771--3777

 []


Underfull \hbox (badness 10000) in paragraph at lines 3778--3786

 []


Underfull \hbox (badness 10000) in paragraph at lines 3787--3793

 []

[82]
Underfull \hbox (badness 10000) in paragraph at lines 3809--3812

 []


Underfull \hbox (badness 10000) in paragraph at lines 3813--3818

 []


Underfull \hbox (badness 10000) in paragraph at lines 3821--3827

 []


Underfull \hbox (badness 10000) in paragraph at lines 3828--3830

 []


Underfull \hbox (badness 10000) in paragraph at lines 3831--3836

 []


Underfull \hbox (badness 10000) in paragraph at lines 3837--3842

 []


Underfull \hbox (badness 10000) in paragraph at lines 3843--3847

 []

[83]
Underfull \hbox (badness 10000) in paragraph at lines 3848--3851

 []


Underfull \hbox (badness 10000) in paragraph at lines 3852--3860

 []


Underfull \hbox (badness 10000) in paragraph at lines 3861--3870

 []


Underfull \hbox (badness 10000) in paragraph at lines 3871--3879

 []


Underfull \hbox (badness 10000) in paragraph at lines 3880--3886

 []

[84]
Underfull \hbox (badness 10000) in paragraph at lines 3887--3893

 []


Underfull \hbox (badness 10000) in paragraph at lines 3907--3909

 []


Underfull \hbox (badness 10000) in paragraph at lines 3937--3941

 []

[85]
Overfull \hbox (6.06046pt too wide) in paragraph at lines 3989--3991
[]\OT1/cmr/m/n/10 Notemos que $\OML/cmm/m/it/10 B[]$ \OT1/cmr/m/n/10 es una va-ria-ble de Bernoulli($1\OML/cmm/m/it/10 =\OT1/cmr/m/n/10 2$) in-de-pen-dien-te de $\OML/cmm/m/it/10 f[]\OT1/cmr/m/n/10 (\OML/cmm/m/it/10 X; Z[]\OT1/cmr/m/n/10 )$
 []


Underfull \hbox (badness 10000) in paragraph at lines 3996--3998

 []

[86]
Underfull \hbox (badness 10000) in paragraph at lines 3999--4001

 []


Underfull \hbox (badness 10000) in paragraph at lines 4043--4047

 []


Underfull \hbox (badness 10000) in paragraph at lines 4048--4054

 []

[87]
<Images/7.png, id=938, 416.55624pt x 232.87pt>
File: Images/7.png Graphic file (type png)
<use Images/7.png>
Package pdftex.def Info: Images/7.png  used on input line 4068.
(pdftex.def)             Requested size: 172.5pt x 96.43315pt.

Underfull \hbox (badness 10000) in paragraph at lines 4077--4087

 []

[88 <./Images/7.png>]
Underfull \hbox (badness 10000) in paragraph at lines 4088--4091

 []

[89]
Underfull \hbox (badness 10000) in paragraph at lines 4096--4097

 []


Underfull \hbox (badness 10000) in paragraph at lines 4098--4099

 []


Underfull \hbox (badness 10000) in paragraph at lines 4100--4101

 []


Underfull \hbox (badness 10000) in paragraph at lines 4102--4103

 []


Underfull \hbox (badness 10000) in paragraph at lines 4104--4105

 []


Underfull \hbox (badness 10000) in paragraph at lines 4106--4107

 []


Underfull \hbox (badness 10000) in paragraph at lines 4108--4109

 []


Underfull \hbox (badness 10000) in paragraph at lines 4110--4111

 []


Underfull \hbox (badness 10000) in paragraph at lines 4112--4113

 []


Underfull \hbox (badness 10000) in paragraph at lines 4114--4115

 []

[90

] (./main.aux
LaTeX Info: Redefining \. on input line 11.
LaTeX Info: Redefining \% on input line 11.
)
 ***********
LaTeX2e <2023-11-01> patch level 1
L3 programming layer <2024-02-20>
 ***********
Package rerunfilecheck Info: File `main.out' has not changed.
(rerunfilecheck)             Checksum: 1F9069BD924D62C051F2D2AC7DEEF21A;10002.
 ) 
Here is how much of TeX's memory you used:
 12698 strings out of 474116
 201823 string characters out of 5743682
 1941187 words of memory out of 5000000
 34546 multiletter control sequences out of 15000+600000
 571257 words of font info for 88 fonts, out of 8000000 for 9000
 1141 hyphenation exceptions out of 8191
 75i,18n,79p,1073b,802s stack positions out of 10000i,1000n,20000p,200000b,200000s
</usr/local/texlive/2024/texmf-dist/fonts/type1/public/amsfonts/cm/cmbx10.pfb></usr/local/texlive/2024/texmf-dist/fonts/type1/public/amsfonts/cm/cmbx12.pfb></usr/local/texlive/2024/texmf-dist/fonts/type1/public/amsfonts/cm/cmbx8.pfb></usr/local/texlive/2024/texmf-dist/fonts/type1/public/amsfonts/cm/cmbxti10.pfb></usr/local/texlive/2024/texmf-dist/fonts/type1/public/amsfonts/cm/cmex10.pfb></usr/local/texlive/2024/texmf-dist/fonts/type1/public/amsfonts/cm/cmmi10.pfb></usr/local/texlive/2024/texmf-dist/fonts/type1/public/amsfonts/cm/cmmi12.pfb></usr/local/texlive/2024/texmf-dist/fonts/type1/public/amsfonts/cm/cmmi5.pfb></usr/local/texlive/2024/texmf-dist/fonts/type1/public/amsfonts/cm/cmmi6.pfb></usr/local/texlive/2024/texmf-dist/fonts/type1/public/amsfonts/cm/cmmi7.pfb></usr/local/texlive/2024/texmf-dist/fonts/type1/public/amsfonts/cm/cmmi8.pfb></usr/local/texlive/2024/texmf-dist/fonts/type1/public/amsfonts/cm/cmr10.pfb></usr/local/texlive/2024/texmf-dist/fonts/type1/public/amsfonts/cm/cmr12.pfb></usr/local/texlive/2024/texmf-dist/fonts/type1/public/amsfonts/cm/cmr17.pfb></usr/local/texlive/2024/texmf-dist/fonts/type1/public/amsfonts/cm/cmr5.pfb></usr/local/texlive/2024/texmf-dist/fonts/type1/public/amsfonts/cm/cmr6.pfb></usr/local/texlive/2024/texmf-dist/fonts/type1/public/amsfonts/cm/cmr7.pfb></usr/local/texlive/2024/texmf-dist/fonts/type1/public/amsfonts/cm/cmr8.pfb></usr/local/texlive/2024/texmf-dist/fonts/type1/public/amsfonts/cm/cmsy10.pfb></usr/local/texlive/2024/texmf-dist/fonts/type1/public/amsfonts/cm/cmsy5.pfb></usr/local/texlive/2024/texmf-dist/fonts/type1/public/amsfonts/cm/cmsy7.pfb></usr/local/texlive/2024/texmf-dist/fonts/type1/public/amsfonts/cm/cmsy8.pfb></usr/local/texlive/2024/texmf-dist/fonts/type1/public/amsfonts/cm/cmti10.pfb></usr/local/texlive/2024/texmf-dist/fonts/type1/public/amsfonts/cm/cmti7.pfb></usr/local/texlive/2024/texmf-dist/fonts/type1/public/amsfonts/symbols/msbm10.pfb></usr/local/texlive/2024/texmf-dist/fonts/type1/public/amsfonts/symbols/msbm7.pfb></usr/local/texlive/2024/texmf-dist/fonts/type1/public/rsfs/rsfs10.pfb>
Output written on main.pdf (91 pages, 735169 bytes).
PDF statistics:
 1148 PDF objects out of 1200 (max. 8388607)
 977 compressed objects within 10 object streams
 365 named destinations out of 1000 (max. 500000)
 396 words of extra memory for PDF output out of 10000 (max. 10000000)

